{"message":"`derive` may only be applied to `struct`s, `enum`s and `union`s","code":{"code":"E0774","explanation":"`derive` was applied on something which is not a struct, a union or an enum.\n\nErroneous code example:\n\n```compile_fail,E0774\ntrait Foo {\n    #[derive(Clone)] // error!\n    type Bar;\n}\n```\n\nAs said above, the `derive` attribute is only allowed on structs, unions or\nenums:\n\n```\n#[derive(Clone)] // ok!\nstruct Bar {\n    field: u32,\n}\n```\n\nYou can find more information about `derive` in the [Rust Book].\n\n[Rust Book]: https://doc.rust-lang.org/book/appendix-03-derivable-traits.html\n"},"level":"error","spans":[{"file_name":"pallets/kitties/src/lib.rs","byte_start":394,"byte_end":438,"line_start":19,"line_end":19,"column_start":2,"column_end":46,"is_primary":true,"text":[{"text":"\t#[derive(TypeInfo, Default, Encode, Decode)]","highlight_start":2,"highlight_end":46}],"label":"not applicable here","suggested_replacement":null,"suggestion_applicability":null,"expansion":null},{"file_name":"pallets/kitties/src/lib.rs","byte_start":477,"byte_end":584,"line_start":22,"line_end":22,"column_start":2,"column_end":109,"is_primary":false,"text":[{"text":"\ttype BalanceOf<T> = <<T as Config>::Currency as Currency<<T as frame_system::Config>::AccountId>>::Balance;","highlight_start":2,"highlight_end":109}],"label":"not a `struct`, `enum` or `union`","suggested_replacement":null,"suggestion_applicability":null,"expansion":null}],"children":[],"rendered":"\u001b[0m\u001b[1m\u001b[38;5;9merror[E0774]\u001b[0m\u001b[0m\u001b[1m: `derive` may only be applied to `struct`s, `enum`s and `union`s\u001b[0m\n\u001b[0m  \u001b[0m\u001b[0m\u001b[1m\u001b[38;5;12m--> \u001b[0m\u001b[0mpallets/kitties/src/lib.rs:19:2\u001b[0m\n\u001b[0m   \u001b[0m\u001b[0m\u001b[1m\u001b[38;5;12m|\u001b[0m\n\u001b[0m\u001b[1m\u001b[38;5;12m19\u001b[0m\u001b[0m \u001b[0m\u001b[0m\u001b[1m\u001b[38;5;12m| \u001b[0m\u001b[0m    #[derive(TypeInfo, Default, Encode, Decode)]\u001b[0m\n\u001b[0m   \u001b[0m\u001b[0m\u001b[1m\u001b[38;5;12m| \u001b[0m\u001b[0m    \u001b[0m\u001b[0m\u001b[1m\u001b[38;5;9m^^^^^^^^^^^^^^^^^^^^^^^^^^^^^^^^^^^^^^^^^^^^\u001b[0m\u001b[0m \u001b[0m\u001b[0m\u001b[1m\u001b[38;5;9mnot applicable here\u001b[0m\n\u001b[0m\u001b[1m\u001b[38;5;12m...\u001b[0m\n\u001b[0m\u001b[1m\u001b[38;5;12m22\u001b[0m\u001b[0m \u001b[0m\u001b[0m\u001b[1m\u001b[38;5;12m| \u001b[0m\u001b[0m    type BalanceOf<T> = <<T as Config>::Currency as Currency<<T as frame_system::Config>::AccountId>>::Balance;\u001b[0m\n\u001b[0m   \u001b[0m\u001b[0m\u001b[1m\u001b[38;5;12m| \u001b[0m\u001b[0m    \u001b[0m\u001b[0m\u001b[1m\u001b[38;5;12m-----------------------------------------------------------------------------------------------------------\u001b[0m\u001b[0m \u001b[0m\u001b[0m\u001b[1m\u001b[38;5;12mnot a `struct`, `enum` or `union`\u001b[0m\n\n"}
{"message":"cannot find attribute `scale_info` in this scope","code":null,"level":"error","spans":[{"file_name":"pallets/kitties/src/lib.rs","byte_start":442,"byte_end":452,"line_start":20,"line_end":20,"column_start":4,"column_end":14,"is_primary":true,"text":[{"text":"\t#[scale_info(skip_type_params(T))]","highlight_start":4,"highlight_end":14}],"label":null,"suggested_replacement":null,"suggestion_applicability":null,"expansion":null}],"children":[{"message":"`scale_info` is in scope, but it is a crate, not an attribute","code":null,"level":"note","spans":[],"children":[],"rendered":null}],"rendered":"\u001b[0m\u001b[1m\u001b[38;5;9merror\u001b[0m\u001b[0m\u001b[1m: cannot find attribute `scale_info` in this scope\u001b[0m\n\u001b[0m  \u001b[0m\u001b[0m\u001b[1m\u001b[38;5;12m--> \u001b[0m\u001b[0mpallets/kitties/src/lib.rs:20:4\u001b[0m\n\u001b[0m   \u001b[0m\u001b[0m\u001b[1m\u001b[38;5;12m|\u001b[0m\n\u001b[0m\u001b[1m\u001b[38;5;12m20\u001b[0m\u001b[0m \u001b[0m\u001b[0m\u001b[1m\u001b[38;5;12m| \u001b[0m\u001b[0m    #[scale_info(skip_type_params(T))]\u001b[0m\n\u001b[0m   \u001b[0m\u001b[0m\u001b[1m\u001b[38;5;12m| \u001b[0m\u001b[0m      \u001b[0m\u001b[0m\u001b[1m\u001b[38;5;9m^^^^^^^^^^\u001b[0m\n\u001b[0m   \u001b[0m\u001b[0m\u001b[1m\u001b[38;5;12m|\u001b[0m\n\u001b[0m   \u001b[0m\u001b[0m\u001b[1m\u001b[38;5;12m= \u001b[0m\u001b[0m\u001b[1mnote\u001b[0m\u001b[0m: `scale_info` is in scope, but it is a crate, not an attribute\u001b[0m\n\n"}
{"message":"cannot find function `gen_dna` in this scope","code":{"code":"E0425","explanation":"An unresolved name was used.\n\nErroneous code examples:\n\n```compile_fail,E0425\nsomething_that_doesnt_exist::foo;\n// error: unresolved name `something_that_doesnt_exist::foo`\n\n// or:\n\ntrait Foo {\n    fn bar() {\n        Self; // error: unresolved name `Self`\n    }\n}\n\n// or:\n\nlet x = unknown_variable;  // error: unresolved name `unknown_variable`\n```\n\nPlease verify that the name wasn't misspelled and ensure that the\nidentifier being referred to is valid for the given situation. Example:\n\n```\nenum something_that_does_exist {\n    Foo,\n}\n```\n\nOr:\n\n```\nmod something_that_does_exist {\n    pub static foo : i32 = 0i32;\n}\n\nsomething_that_does_exist::foo; // ok!\n```\n\nOr:\n\n```\nlet unknown_variable = 12u32;\nlet x = unknown_variable; // ok!\n```\n\nIf the item is not defined in the current module, it must be imported using a\n`use` statement, like so:\n\n```\n# mod foo { pub fn bar() {} }\n# fn main() {\nuse foo::bar;\nbar();\n# }\n```\n\nIf the item you are importing is not defined in some super-module of the\ncurrent module, then it must also be declared as public (e.g., `pub fn`).\n"},"level":"error","spans":[{"file_name":"pallets/kitties/src/lib.rs","byte_start":3926,"byte_end":3933,"line_start":132,"line_end":132,"column_start":14,"column_end":21,"is_primary":true,"text":[{"text":"\t\t\tlet dna = gen_dna();","highlight_start":14,"highlight_end":21}],"label":"not found in this scope","suggested_replacement":null,"suggestion_applicability":null,"expansion":null}],"children":[],"rendered":"\u001b[0m\u001b[1m\u001b[38;5;9merror[E0425]\u001b[0m\u001b[0m\u001b[1m: cannot find function `gen_dna` in this scope\u001b[0m\n\u001b[0m   \u001b[0m\u001b[0m\u001b[1m\u001b[38;5;12m--> \u001b[0m\u001b[0mpallets/kitties/src/lib.rs:132:14\u001b[0m\n\u001b[0m    \u001b[0m\u001b[0m\u001b[1m\u001b[38;5;12m|\u001b[0m\n\u001b[0m\u001b[1m\u001b[38;5;12m132\u001b[0m\u001b[0m \u001b[0m\u001b[0m\u001b[1m\u001b[38;5;12m| \u001b[0m\u001b[0m            let dna = gen_dna();\u001b[0m\n\u001b[0m    \u001b[0m\u001b[0m\u001b[1m\u001b[38;5;12m| \u001b[0m\u001b[0m                      \u001b[0m\u001b[0m\u001b[1m\u001b[38;5;9m^^^^^^^\u001b[0m\u001b[0m \u001b[0m\u001b[0m\u001b[1m\u001b[38;5;9mnot found in this scope\u001b[0m\n\n"}
{"message":"cannot find function `blake2_128` in this scope","code":{"code":"E0425","explanation":"An unresolved name was used.\n\nErroneous code examples:\n\n```compile_fail,E0425\nsomething_that_doesnt_exist::foo;\n// error: unresolved name `something_that_doesnt_exist::foo`\n\n// or:\n\ntrait Foo {\n    fn bar() {\n        Self; // error: unresolved name `Self`\n    }\n}\n\n// or:\n\nlet x = unknown_variable;  // error: unresolved name `unknown_variable`\n```\n\nPlease verify that the name wasn't misspelled and ensure that the\nidentifier being referred to is valid for the given situation. Example:\n\n```\nenum something_that_does_exist {\n    Foo,\n}\n```\n\nOr:\n\n```\nmod something_that_does_exist {\n    pub static foo : i32 = 0i32;\n}\n\nsomething_that_does_exist::foo; // ok!\n```\n\nOr:\n\n```\nlet unknown_variable = 12u32;\nlet x = unknown_variable; // ok!\n```\n\nIf the item is not defined in the current module, it must be imported using a\n`use` statement, like so:\n\n```\n# mod foo { pub fn bar() {} }\n# fn main() {\nuse foo::bar;\nbar();\n# }\n```\n\nIf the item you are importing is not defined in some super-module of the\ncurrent module, then it must also be declared as public (e.g., `pub fn`).\n"},"level":"error","spans":[{"file_name":"/home/truonghai/.cargo/git/checkouts/substrate-7e08433d4c370a21/257cdb5/frame/support/src/hash.rs","byte_start":4057,"byte_end":4079,"line_start":143,"line_end":143,"column_start":1,"column_end":23,"is_primary":false,"text":[{"text":"pub struct Blake2_128;","highlight_start":1,"highlight_end":23}],"label":"similarly named unit struct `Blake2_128` defined here","suggested_replacement":null,"suggestion_applicability":null,"expansion":null},{"file_name":"pallets/kitties/src/lib.rs","byte_start":5075,"byte_end":5085,"line_start":171,"line_end":171,"column_start":4,"column_end":14,"is_primary":true,"text":[{"text":"\t\t\tblake2_128(&encoded_payload)","highlight_start":4,"highlight_end":14}],"label":null,"suggested_replacement":null,"suggestion_applicability":null,"expansion":null}],"children":[{"message":"a unit struct with a similar name exists","code":null,"level":"help","spans":[{"file_name":"pallets/kitties/src/lib.rs","byte_start":5075,"byte_end":5085,"line_start":171,"line_end":171,"column_start":4,"column_end":14,"is_primary":true,"text":[{"text":"\t\t\tblake2_128(&encoded_payload)","highlight_start":4,"highlight_end":14}],"label":null,"suggested_replacement":"Blake2_128","suggestion_applicability":"MaybeIncorrect","expansion":null}],"children":[],"rendered":null}],"rendered":"\u001b[0m\u001b[1m\u001b[38;5;9merror[E0425]\u001b[0m\u001b[0m\u001b[1m: cannot find function `blake2_128` in this scope\u001b[0m\n\u001b[0m   \u001b[0m\u001b[0m\u001b[1m\u001b[38;5;12m--> \u001b[0m\u001b[0mpallets/kitties/src/lib.rs:171:4\u001b[0m\n\u001b[0m    \u001b[0m\u001b[0m\u001b[1m\u001b[38;5;12m|\u001b[0m\n\u001b[0m\u001b[1m\u001b[38;5;12m171\u001b[0m\u001b[0m \u001b[0m\u001b[0m\u001b[1m\u001b[38;5;12m| \u001b[0m\u001b[0m            blake2_128(&encoded_payload)\u001b[0m\n\u001b[0m    \u001b[0m\u001b[0m\u001b[1m\u001b[38;5;12m| \u001b[0m\u001b[0m            \u001b[0m\u001b[0m\u001b[1m\u001b[38;5;9m^^^^^^^^^^\u001b[0m\u001b[0m \u001b[0m\u001b[0m\u001b[1m\u001b[38;5;9mhelp: a unit struct with a similar name exists: `Blake2_128`\u001b[0m\n\u001b[0m    \u001b[0m\u001b[0m\u001b[1m\u001b[38;5;12m|\u001b[0m\n\u001b[0m   \u001b[0m\u001b[0m\u001b[1m\u001b[38;5;12m::: \u001b[0m\u001b[0m/home/truonghai/.cargo/git/checkouts/substrate-7e08433d4c370a21/257cdb5/frame/support/src/hash.rs:143:1\u001b[0m\n\u001b[0m    \u001b[0m\u001b[0m\u001b[1m\u001b[38;5;12m|\u001b[0m\n\u001b[0m\u001b[1m\u001b[38;5;12m143\u001b[0m\u001b[0m \u001b[0m\u001b[0m\u001b[1m\u001b[38;5;12m| \u001b[0m\u001b[0mpub struct Blake2_128;\u001b[0m\n\u001b[0m    \u001b[0m\u001b[0m\u001b[1m\u001b[38;5;12m| \u001b[0m\u001b[0m\u001b[1m\u001b[38;5;12m----------------------\u001b[0m\u001b[0m \u001b[0m\u001b[0m\u001b[1m\u001b[38;5;12msimilarly named unit struct `Blake2_128` defined here\u001b[0m\n\n"}
{"message":"cannot find value `encoded_payload` in this scope","code":{"code":"E0425","explanation":"An unresolved name was used.\n\nErroneous code examples:\n\n```compile_fail,E0425\nsomething_that_doesnt_exist::foo;\n// error: unresolved name `something_that_doesnt_exist::foo`\n\n// or:\n\ntrait Foo {\n    fn bar() {\n        Self; // error: unresolved name `Self`\n    }\n}\n\n// or:\n\nlet x = unknown_variable;  // error: unresolved name `unknown_variable`\n```\n\nPlease verify that the name wasn't misspelled and ensure that the\nidentifier being referred to is valid for the given situation. Example:\n\n```\nenum something_that_does_exist {\n    Foo,\n}\n```\n\nOr:\n\n```\nmod something_that_does_exist {\n    pub static foo : i32 = 0i32;\n}\n\nsomething_that_does_exist::foo; // ok!\n```\n\nOr:\n\n```\nlet unknown_variable = 12u32;\nlet x = unknown_variable; // ok!\n```\n\nIf the item is not defined in the current module, it must be imported using a\n`use` statement, like so:\n\n```\n# mod foo { pub fn bar() {} }\n# fn main() {\nuse foo::bar;\nbar();\n# }\n```\n\nIf the item you are importing is not defined in some super-module of the\ncurrent module, then it must also be declared as public (e.g., `pub fn`).\n"},"level":"error","spans":[{"file_name":"pallets/kitties/src/lib.rs","byte_start":5087,"byte_end":5102,"line_start":171,"line_end":171,"column_start":16,"column_end":31,"is_primary":true,"text":[{"text":"\t\t\tblake2_128(&encoded_payload)","highlight_start":16,"highlight_end":31}],"label":null,"suggested_replacement":null,"suggestion_applicability":null,"expansion":null}],"children":[{"message":"a local variable with a similar name exists","code":null,"level":"help","spans":[{"file_name":"pallets/kitties/src/lib.rs","byte_start":5087,"byte_end":5102,"line_start":171,"line_end":171,"column_start":16,"column_end":31,"is_primary":true,"text":[{"text":"\t\t\tblake2_128(&encoded_payload)","highlight_start":16,"highlight_end":31}],"label":null,"suggested_replacement":"encode_payload","suggestion_applicability":"MaybeIncorrect","expansion":null}],"children":[],"rendered":null}],"rendered":"\u001b[0m\u001b[1m\u001b[38;5;9merror[E0425]\u001b[0m\u001b[0m\u001b[1m: cannot find value `encoded_payload` in this scope\u001b[0m\n\u001b[0m   \u001b[0m\u001b[0m\u001b[1m\u001b[38;5;12m--> \u001b[0m\u001b[0mpallets/kitties/src/lib.rs:171:16\u001b[0m\n\u001b[0m    \u001b[0m\u001b[0m\u001b[1m\u001b[38;5;12m|\u001b[0m\n\u001b[0m\u001b[1m\u001b[38;5;12m171\u001b[0m\u001b[0m \u001b[0m\u001b[0m\u001b[1m\u001b[38;5;12m| \u001b[0m\u001b[0m            blake2_128(&encoded_payload)\u001b[0m\n\u001b[0m    \u001b[0m\u001b[0m\u001b[1m\u001b[38;5;12m| \u001b[0m\u001b[0m                        \u001b[0m\u001b[0m\u001b[1m\u001b[38;5;9m^^^^^^^^^^^^^^^\u001b[0m\u001b[0m \u001b[0m\u001b[0m\u001b[1m\u001b[38;5;9mhelp: a local variable with a similar name exists: `encode_payload`\u001b[0m\n\n"}
{"message":"unused import: `tokens::ExistenceRequirement`","code":{"code":"unused_imports","explanation":null},"level":"warning","spans":[{"file_name":"pallets/kitties/src/lib.rs","byte_start":156,"byte_end":184,"line_start":8,"line_end":8,"column_start":11,"column_end":39,"is_primary":true,"text":[{"text":"\ttraits::{tokens::ExistenceRequirement, Currency, Randomness},","highlight_start":11,"highlight_end":39}],"label":null,"suggested_replacement":null,"suggestion_applicability":null,"expansion":null}],"children":[{"message":"`#[warn(unused_imports)]` on by default","code":null,"level":"note","spans":[],"children":[],"rendered":null},{"message":"remove the unused import","code":null,"level":"help","spans":[{"file_name":"pallets/kitties/src/lib.rs","byte_start":156,"byte_end":186,"line_start":8,"line_end":8,"column_start":11,"column_end":41,"is_primary":true,"text":[{"text":"\ttraits::{tokens::ExistenceRequirement, Currency, Randomness},","highlight_start":11,"highlight_end":41}],"label":null,"suggested_replacement":"","suggestion_applicability":"MachineApplicable","expansion":null}],"children":[],"rendered":null}],"rendered":"\u001b[0m\u001b[1m\u001b[33mwarning\u001b[0m\u001b[0m\u001b[1m: unused import: `tokens::ExistenceRequirement`\u001b[0m\n\u001b[0m \u001b[0m\u001b[0m\u001b[1m\u001b[38;5;12m--> \u001b[0m\u001b[0mpallets/kitties/src/lib.rs:8:11\u001b[0m\n\u001b[0m  \u001b[0m\u001b[0m\u001b[1m\u001b[38;5;12m|\u001b[0m\n\u001b[0m\u001b[1m\u001b[38;5;12m8\u001b[0m\u001b[0m \u001b[0m\u001b[0m\u001b[1m\u001b[38;5;12m| \u001b[0m\u001b[0m    traits::{tokens::ExistenceRequirement, Currency, Randomness},\u001b[0m\n\u001b[0m  \u001b[0m\u001b[0m\u001b[1m\u001b[38;5;12m| \u001b[0m\u001b[0m             \u001b[0m\u001b[0m\u001b[1m\u001b[33m^^^^^^^^^^^^^^^^^^^^^^^^^^^^\u001b[0m\n\u001b[0m  \u001b[0m\u001b[0m\u001b[1m\u001b[38;5;12m|\u001b[0m\n\u001b[0m  \u001b[0m\u001b[0m\u001b[1m\u001b[38;5;12m= \u001b[0m\u001b[0m\u001b[1mnote\u001b[0m\u001b[0m: `#[warn(unused_imports)]` on by default\u001b[0m\n\n"}
{"message":"the function or associated item `get` exists for struct `frame_support::pallet_prelude::StorageMap<_GeneratedPrefixForStorageKitties<T>, frame_support::Blake2_128Concat, frame_benchmarking::Vec<u8>, Kitty<T>>`, but its trait bounds were not satisfied","code":{"code":"E0599","explanation":"This error occurs when a method is used on a type which doesn't implement it:\n\nErroneous code example:\n\n```compile_fail,E0599\nstruct Mouth;\n\nlet x = Mouth;\nx.chocolate(); // error: no method named `chocolate` found for type `Mouth`\n               //        in the current scope\n```\n\nIn this case, you need to implement the `chocolate` method to fix the error:\n\n```\nstruct Mouth;\n\nimpl Mouth {\n    fn chocolate(&self) { // We implement the `chocolate` method here.\n        println!(\"Hmmm! I love chocolate!\");\n    }\n}\n\nlet x = Mouth;\nx.chocolate(); // ok!\n```\n"},"level":"error","spans":[{"file_name":"pallets/kitties/src/lib.rs","byte_start":4551,"byte_end":4554,"line_start":153,"line_end":153,"column_start":30,"column_end":33,"is_primary":true,"text":[{"text":"\t\t\tlet kitty = Kitties::<T>::get(&dna).ok_or(Error::<T>::NoKitty)?;","highlight_start":30,"highlight_end":33}],"label":"function or associated item cannot be called on `frame_support::pallet_prelude::StorageMap<_GeneratedPrefixForStorageKitties<T>, frame_support::Blake2_128Concat, frame_benchmarking::Vec<u8>, Kitty<T>>` due to unsatisfied trait bounds","suggested_replacement":null,"suggestion_applicability":null,"expansion":null},{"file_name":"pallets/kitties/src/lib.rs","byte_start":586,"byte_end":613,"line_start":23,"line_end":23,"column_start":2,"column_end":29,"is_primary":false,"text":[{"text":"\tpub struct Kitty<T: Config> {","highlight_start":2,"highlight_end":29}],"label":"doesn't satisfy `Kitty<T>: FullCodec`","suggested_replacement":null,"suggestion_applicability":null,"expansion":null},{"file_name":"/home/truonghai/.cargo/git/checkouts/substrate-7e08433d4c370a21/257cdb5/frame/support/src/storage/types/mod.rs","byte_start":2446,"byte_end":2469,"line_start":69,"line_end":69,"column_start":1,"column_end":24,"is_primary":false,"text":[{"text":"pub struct OptionQuery;","highlight_start":1,"highlight_end":24}],"label":"doesn't satisfy `OptionQuery: QueryKindTrait<Kitty<T>, GetDefault>`","suggested_replacement":null,"suggestion_applicability":null,"expansion":null}],"children":[{"message":"the following trait bounds were not satisfied:\n`Kitty<T>: FullCodec`\n`OptionQuery: QueryKindTrait<Kitty<T>, GetDefault>`","code":null,"level":"note","spans":[],"children":[],"rendered":null},{"message":"the following trait must be implemented","code":null,"level":"note","spans":[{"file_name":"/home/truonghai/.cargo/registry/src/github.com-1ecc6299db9ec823/parity-scale-codec-3.1.2/src/codec.rs","byte_start":9351,"byte_end":9394,"line_start":320,"line_end":320,"column_start":1,"column_end":44,"is_primary":true,"text":[{"text":"pub trait FullCodec: Decode + FullEncode {}","highlight_start":1,"highlight_end":44}],"label":null,"suggested_replacement":null,"suggestion_applicability":null,"expansion":null}],"children":[],"rendered":null}],"rendered":"\u001b[0m\u001b[1m\u001b[38;5;9merror[E0599]\u001b[0m\u001b[0m\u001b[1m: the function or associated item `get` exists for struct `frame_support::pallet_prelude::StorageMap<_GeneratedPrefixForStorageKitties<T>, frame_support::Blake2_128Concat, frame_benchmarking::Vec<u8>, Kitty<T>>`, but its trait bounds were not satisfied\u001b[0m\n\u001b[0m   \u001b[0m\u001b[0m\u001b[1m\u001b[38;5;12m--> \u001b[0m\u001b[0mpallets/kitties/src/lib.rs:153:30\u001b[0m\n\u001b[0m    \u001b[0m\u001b[0m\u001b[1m\u001b[38;5;12m|\u001b[0m\n\u001b[0m\u001b[1m\u001b[38;5;12m23\u001b[0m\u001b[0m  \u001b[0m\u001b[0m\u001b[1m\u001b[38;5;12m| \u001b[0m\u001b[0m    pub struct Kitty<T: Config> {\u001b[0m\n\u001b[0m    \u001b[0m\u001b[0m\u001b[1m\u001b[38;5;12m| \u001b[0m\u001b[0m    \u001b[0m\u001b[0m\u001b[1m\u001b[38;5;12m---------------------------\u001b[0m\u001b[0m \u001b[0m\u001b[0m\u001b[1m\u001b[38;5;12mdoesn't satisfy `Kitty<T>: FullCodec`\u001b[0m\n\u001b[0m\u001b[1m\u001b[38;5;12m...\u001b[0m\n\u001b[0m\u001b[1m\u001b[38;5;12m153\u001b[0m\u001b[0m \u001b[0m\u001b[0m\u001b[1m\u001b[38;5;12m| \u001b[0m\u001b[0m            let kitty = Kitties::<T>::get(&dna).ok_or(Error::<T>::NoKitty)?;\u001b[0m\n\u001b[0m    \u001b[0m\u001b[0m\u001b[1m\u001b[38;5;12m| \u001b[0m\u001b[0m                                      \u001b[0m\u001b[0m\u001b[1m\u001b[38;5;9m^^^\u001b[0m\u001b[0m \u001b[0m\u001b[0m\u001b[1m\u001b[38;5;9mfunction or associated item cannot be called on `frame_support::pallet_prelude::StorageMap<_GeneratedPrefixForStorageKitties<T>, frame_support::Blake2_128Concat, frame_benchmarking::Vec<u8>, Kitty<T>>` due to unsatisfied trait bounds\u001b[0m\n\u001b[0m    \u001b[0m\u001b[0m\u001b[1m\u001b[38;5;12m|\u001b[0m\n\u001b[0m   \u001b[0m\u001b[0m\u001b[1m\u001b[38;5;12m::: \u001b[0m\u001b[0m/home/truonghai/.cargo/git/checkouts/substrate-7e08433d4c370a21/257cdb5/frame/support/src/storage/types/mod.rs:69:1\u001b[0m\n\u001b[0m    \u001b[0m\u001b[0m\u001b[1m\u001b[38;5;12m|\u001b[0m\n\u001b[0m\u001b[1m\u001b[38;5;12m69\u001b[0m\u001b[0m  \u001b[0m\u001b[0m\u001b[1m\u001b[38;5;12m| \u001b[0m\u001b[0mpub struct OptionQuery;\u001b[0m\n\u001b[0m    \u001b[0m\u001b[0m\u001b[1m\u001b[38;5;12m| \u001b[0m\u001b[0m\u001b[1m\u001b[38;5;12m-----------------------\u001b[0m\u001b[0m \u001b[0m\u001b[0m\u001b[1m\u001b[38;5;12mdoesn't satisfy `OptionQuery: QueryKindTrait<Kitty<T>, GetDefault>`\u001b[0m\n\u001b[0m    \u001b[0m\u001b[0m\u001b[1m\u001b[38;5;12m|\u001b[0m\n\u001b[0m    \u001b[0m\u001b[0m\u001b[1m\u001b[38;5;12m= \u001b[0m\u001b[0m\u001b[1mnote\u001b[0m\u001b[0m: the following trait bounds were not satisfied:\u001b[0m\n\u001b[0m            `Kitty<T>: FullCodec`\u001b[0m\n\u001b[0m            `OptionQuery: QueryKindTrait<Kitty<T>, GetDefault>`\u001b[0m\n\u001b[0m\u001b[1m\u001b[38;5;10mnote\u001b[0m\u001b[0m: the following trait must be implemented\u001b[0m\n\u001b[0m   \u001b[0m\u001b[0m\u001b[1m\u001b[38;5;12m--> \u001b[0m\u001b[0m/home/truonghai/.cargo/registry/src/github.com-1ecc6299db9ec823/parity-scale-codec-3.1.2/src/codec.rs:320:1\u001b[0m\n\u001b[0m    \u001b[0m\u001b[0m\u001b[1m\u001b[38;5;12m|\u001b[0m\n\u001b[0m\u001b[1m\u001b[38;5;12m320\u001b[0m\u001b[0m \u001b[0m\u001b[0m\u001b[1m\u001b[38;5;12m| \u001b[0m\u001b[0mpub trait FullCodec: Decode + FullEncode {}\u001b[0m\n\u001b[0m    \u001b[0m\u001b[0m\u001b[1m\u001b[38;5;12m| \u001b[0m\u001b[0m\u001b[1m\u001b[38;5;10m^^^^^^^^^^^^^^^^^^^^^^^^^^^^^^^^^^^^^^^^^^^\u001b[0m\n\n"}
{"message":"mismatched types","code":{"code":"E0308","explanation":"Expected type did not match the received type.\n\nErroneous code examples:\n\n```compile_fail,E0308\nfn plus_one(x: i32) -> i32 {\n    x + 1\n}\n\nplus_one(\"Not a number\");\n//       ^^^^^^^^^^^^^^ expected `i32`, found `&str`\n\nif \"Not a bool\" {\n// ^^^^^^^^^^^^ expected `bool`, found `&str`\n}\n\nlet x: f32 = \"Not a float\";\n//     ---   ^^^^^^^^^^^^^ expected `f32`, found `&str`\n//     |\n//     expected due to this\n```\n\nThis error occurs when an expression was used in a place where the compiler\nexpected an expression of a different type. It can occur in several cases, the\nmost common being when calling a function and passing an argument which has a\ndifferent type than the matching type in the function declaration.\n"},"level":"error","spans":[{"file_name":"pallets/kitties/src/lib.rs","byte_start":4616,"byte_end":4620,"line_start":154,"line_end":154,"column_start":27,"column_end":31,"is_primary":true,"text":[{"text":"\t\t\tensure!(kitty.owner == from, Error::<T>::NotOwner);","highlight_start":27,"highlight_end":31}],"label":"expected type parameter `T`, found associated type","suggested_replacement":null,"suggestion_applicability":null,"expansion":null},{"file_name":"pallets/kitties/src/lib.rs","byte_start":3534,"byte_end":3535,"line_start":122,"line_end":122,"column_start":7,"column_end":8,"is_primary":false,"text":[{"text":"\timpl<T: Config> Pallet<T> {","highlight_start":7,"highlight_end":8}],"label":"this type parameter","suggested_replacement":null,"suggestion_applicability":null,"expansion":null}],"children":[{"message":"expected type parameter `T`\n  found associated type `<T as frame_system::Config>::AccountId`","code":null,"level":"note","spans":[],"children":[],"rendered":null},{"message":"consider further restricting this bound","code":null,"level":"help","spans":[{"file_name":"pallets/kitties/src/lib.rs","byte_start":3543,"byte_end":3543,"line_start":122,"line_end":122,"column_start":16,"column_end":16,"is_primary":true,"text":[{"text":"\timpl<T: Config> Pallet<T> {","highlight_start":16,"highlight_end":16}],"label":null,"suggested_replacement":" + frame_system::Config<AccountId = T>","suggestion_applicability":"MachineApplicable","expansion":null}],"children":[],"rendered":null}],"rendered":"\u001b[0m\u001b[1m\u001b[38;5;9merror[E0308]\u001b[0m\u001b[0m\u001b[1m: mismatched types\u001b[0m\n\u001b[0m   \u001b[0m\u001b[0m\u001b[1m\u001b[38;5;12m--> \u001b[0m\u001b[0mpallets/kitties/src/lib.rs:154:27\u001b[0m\n\u001b[0m    \u001b[0m\u001b[0m\u001b[1m\u001b[38;5;12m|\u001b[0m\n\u001b[0m\u001b[1m\u001b[38;5;12m122\u001b[0m\u001b[0m \u001b[0m\u001b[0m\u001b[1m\u001b[38;5;12m| \u001b[0m\u001b[0m    impl<T: Config> Pallet<T> {\u001b[0m\n\u001b[0m    \u001b[0m\u001b[0m\u001b[1m\u001b[38;5;12m| \u001b[0m\u001b[0m         \u001b[0m\u001b[0m\u001b[1m\u001b[38;5;12m-\u001b[0m\u001b[0m \u001b[0m\u001b[0m\u001b[1m\u001b[38;5;12mthis type parameter\u001b[0m\n\u001b[0m\u001b[1m\u001b[38;5;12m...\u001b[0m\n\u001b[0m\u001b[1m\u001b[38;5;12m154\u001b[0m\u001b[0m \u001b[0m\u001b[0m\u001b[1m\u001b[38;5;12m| \u001b[0m\u001b[0m            ensure!(kitty.owner == from, Error::<T>::NotOwner);\u001b[0m\n\u001b[0m    \u001b[0m\u001b[0m\u001b[1m\u001b[38;5;12m| \u001b[0m\u001b[0m                                   \u001b[0m\u001b[0m\u001b[1m\u001b[38;5;9m^^^^\u001b[0m\u001b[0m \u001b[0m\u001b[0m\u001b[1m\u001b[38;5;9mexpected type parameter `T`, found associated type\u001b[0m\n\u001b[0m    \u001b[0m\u001b[0m\u001b[1m\u001b[38;5;12m|\u001b[0m\n\u001b[0m    \u001b[0m\u001b[0m\u001b[1m\u001b[38;5;12m= \u001b[0m\u001b[0m\u001b[1mnote\u001b[0m\u001b[0m: expected type parameter `\u001b[0m\u001b[0m\u001b[1mT\u001b[0m\u001b[0m`\u001b[0m\n\u001b[0m              found associated type `\u001b[0m\u001b[0m\u001b[1m<T as frame_system::Config>::AccountId\u001b[0m\u001b[0m`\u001b[0m\n\u001b[0m\u001b[1m\u001b[38;5;14mhelp\u001b[0m\u001b[0m: consider further restricting this bound\u001b[0m\n\u001b[0m    \u001b[0m\u001b[0m\u001b[1m\u001b[38;5;12m|\u001b[0m\n\u001b[0m\u001b[1m\u001b[38;5;12m122\u001b[0m\u001b[0m \u001b[0m\u001b[0m\u001b[1m\u001b[38;5;12m| \u001b[0m\u001b[0m    impl<T: Config\u001b[0m\u001b[0m\u001b[38;5;10m + frame_system::Config<AccountId = T>\u001b[0m\u001b[0m> Pallet<T> {\u001b[0m\n\u001b[0m    \u001b[0m\u001b[0m\u001b[1m\u001b[38;5;12m| \u001b[0m\u001b[0m                   \u001b[0m\u001b[0m\u001b[38;5;10m+++++++++++++++++++++++++++++++++++++\u001b[0m\n\n"}
{"message":"the function or associated item `contains_key` exists for struct `frame_support::pallet_prelude::StorageMap<_GeneratedPrefixForStorageKitties<T>, frame_support::Blake2_128Concat, frame_benchmarking::Vec<u8>, Kitty<T>>`, but its trait bounds were not satisfied","code":{"code":"E0599","explanation":"This error occurs when a method is used on a type which doesn't implement it:\n\nErroneous code example:\n\n```compile_fail,E0599\nstruct Mouth;\n\nlet x = Mouth;\nx.chocolate(); // error: no method named `chocolate` found for type `Mouth`\n               //        in the current scope\n```\n\nIn this case, you need to implement the `chocolate` method to fix the error:\n\n```\nstruct Mouth;\n\nimpl Mouth {\n    fn chocolate(&self) { // We implement the `chocolate` method here.\n        println!(\"Hmmm! I love chocolate!\");\n    }\n}\n\nlet x = Mouth;\nx.chocolate(); // ok!\n```\n"},"level":"error","spans":[{"file_name":"pallets/kitties/src/lib.rs","byte_start":5631,"byte_end":5643,"line_start":194,"line_end":194,"column_start":27,"column_end":39,"is_primary":true,"text":[{"text":"\t\t\tensure!(!Kitties::<T>::contains_key(&kitty.dna), Error::<T>::DuplicateKitty);","highlight_start":27,"highlight_end":39}],"label":"function or associated item cannot be called on `frame_support::pallet_prelude::StorageMap<_GeneratedPrefixForStorageKitties<T>, frame_support::Blake2_128Concat, frame_benchmarking::Vec<u8>, Kitty<T>>` due to unsatisfied trait bounds","suggested_replacement":null,"suggestion_applicability":null,"expansion":null},{"file_name":"pallets/kitties/src/lib.rs","byte_start":586,"byte_end":613,"line_start":23,"line_end":23,"column_start":2,"column_end":29,"is_primary":false,"text":[{"text":"\tpub struct Kitty<T: Config> {","highlight_start":2,"highlight_end":29}],"label":"doesn't satisfy `Kitty<T>: FullCodec`","suggested_replacement":null,"suggestion_applicability":null,"expansion":null},{"file_name":"/home/truonghai/.cargo/git/checkouts/substrate-7e08433d4c370a21/257cdb5/frame/support/src/storage/types/mod.rs","byte_start":2446,"byte_end":2469,"line_start":69,"line_end":69,"column_start":1,"column_end":24,"is_primary":false,"text":[{"text":"pub struct OptionQuery;","highlight_start":1,"highlight_end":24}],"label":"doesn't satisfy `OptionQuery: QueryKindTrait<Kitty<T>, GetDefault>`","suggested_replacement":null,"suggestion_applicability":null,"expansion":null}],"children":[{"message":"the following trait bounds were not satisfied:\n`Kitty<T>: FullCodec`\n`OptionQuery: QueryKindTrait<Kitty<T>, GetDefault>`","code":null,"level":"note","spans":[],"children":[],"rendered":null},{"message":"the following trait must be implemented","code":null,"level":"note","spans":[{"file_name":"/home/truonghai/.cargo/registry/src/github.com-1ecc6299db9ec823/parity-scale-codec-3.1.2/src/codec.rs","byte_start":9351,"byte_end":9394,"line_start":320,"line_end":320,"column_start":1,"column_end":44,"is_primary":true,"text":[{"text":"pub trait FullCodec: Decode + FullEncode {}","highlight_start":1,"highlight_end":44}],"label":null,"suggested_replacement":null,"suggestion_applicability":null,"expansion":null}],"children":[],"rendered":null}],"rendered":"\u001b[0m\u001b[1m\u001b[38;5;9merror[E0599]\u001b[0m\u001b[0m\u001b[1m: the function or associated item `contains_key` exists for struct `frame_support::pallet_prelude::StorageMap<_GeneratedPrefixForStorageKitties<T>, frame_support::Blake2_128Concat, frame_benchmarking::Vec<u8>, Kitty<T>>`, but its trait bounds were not satisfied\u001b[0m\n\u001b[0m   \u001b[0m\u001b[0m\u001b[1m\u001b[38;5;12m--> \u001b[0m\u001b[0mpallets/kitties/src/lib.rs:194:27\u001b[0m\n\u001b[0m    \u001b[0m\u001b[0m\u001b[1m\u001b[38;5;12m|\u001b[0m\n\u001b[0m\u001b[1m\u001b[38;5;12m23\u001b[0m\u001b[0m  \u001b[0m\u001b[0m\u001b[1m\u001b[38;5;12m| \u001b[0m\u001b[0m    pub struct Kitty<T: Config> {\u001b[0m\n\u001b[0m    \u001b[0m\u001b[0m\u001b[1m\u001b[38;5;12m| \u001b[0m\u001b[0m    \u001b[0m\u001b[0m\u001b[1m\u001b[38;5;12m---------------------------\u001b[0m\u001b[0m \u001b[0m\u001b[0m\u001b[1m\u001b[38;5;12mdoesn't satisfy `Kitty<T>: FullCodec`\u001b[0m\n\u001b[0m\u001b[1m\u001b[38;5;12m...\u001b[0m\n\u001b[0m\u001b[1m\u001b[38;5;12m194\u001b[0m\u001b[0m \u001b[0m\u001b[0m\u001b[1m\u001b[38;5;12m| \u001b[0m\u001b[0m            ensure!(!Kitties::<T>::contains_key(&kitty.dna), Error::<T>::DuplicateKitty);\u001b[0m\n\u001b[0m    \u001b[0m\u001b[0m\u001b[1m\u001b[38;5;12m| \u001b[0m\u001b[0m                                   \u001b[0m\u001b[0m\u001b[1m\u001b[38;5;9m^^^^^^^^^^^^\u001b[0m\u001b[0m \u001b[0m\u001b[0m\u001b[1m\u001b[38;5;9mfunction or associated item cannot be called on `frame_support::pallet_prelude::StorageMap<_GeneratedPrefixForStorageKitties<T>, frame_support::Blake2_128Concat, frame_benchmarking::Vec<u8>, Kitty<T>>` due to unsatisfied trait bounds\u001b[0m\n\u001b[0m    \u001b[0m\u001b[0m\u001b[1m\u001b[38;5;12m|\u001b[0m\n\u001b[0m   \u001b[0m\u001b[0m\u001b[1m\u001b[38;5;12m::: \u001b[0m\u001b[0m/home/truonghai/.cargo/git/checkouts/substrate-7e08433d4c370a21/257cdb5/frame/support/src/storage/types/mod.rs:69:1\u001b[0m\n\u001b[0m    \u001b[0m\u001b[0m\u001b[1m\u001b[38;5;12m|\u001b[0m\n\u001b[0m\u001b[1m\u001b[38;5;12m69\u001b[0m\u001b[0m  \u001b[0m\u001b[0m\u001b[1m\u001b[38;5;12m| \u001b[0m\u001b[0mpub struct OptionQuery;\u001b[0m\n\u001b[0m    \u001b[0m\u001b[0m\u001b[1m\u001b[38;5;12m| \u001b[0m\u001b[0m\u001b[1m\u001b[38;5;12m-----------------------\u001b[0m\u001b[0m \u001b[0m\u001b[0m\u001b[1m\u001b[38;5;12mdoesn't satisfy `OptionQuery: QueryKindTrait<Kitty<T>, GetDefault>`\u001b[0m\n\u001b[0m    \u001b[0m\u001b[0m\u001b[1m\u001b[38;5;12m|\u001b[0m\n\u001b[0m    \u001b[0m\u001b[0m\u001b[1m\u001b[38;5;12m= \u001b[0m\u001b[0m\u001b[1mnote\u001b[0m\u001b[0m: the following trait bounds were not satisfied:\u001b[0m\n\u001b[0m            `Kitty<T>: FullCodec`\u001b[0m\n\u001b[0m            `OptionQuery: QueryKindTrait<Kitty<T>, GetDefault>`\u001b[0m\n\u001b[0m\u001b[1m\u001b[38;5;10mnote\u001b[0m\u001b[0m: the following trait must be implemented\u001b[0m\n\u001b[0m   \u001b[0m\u001b[0m\u001b[1m\u001b[38;5;12m--> \u001b[0m\u001b[0m/home/truonghai/.cargo/registry/src/github.com-1ecc6299db9ec823/parity-scale-codec-3.1.2/src/codec.rs:320:1\u001b[0m\n\u001b[0m    \u001b[0m\u001b[0m\u001b[1m\u001b[38;5;12m|\u001b[0m\n\u001b[0m\u001b[1m\u001b[38;5;12m320\u001b[0m\u001b[0m \u001b[0m\u001b[0m\u001b[1m\u001b[38;5;12m| \u001b[0m\u001b[0mpub trait FullCodec: Decode + FullEncode {}\u001b[0m\n\u001b[0m    \u001b[0m\u001b[0m\u001b[1m\u001b[38;5;12m| \u001b[0m\u001b[0m\u001b[1m\u001b[38;5;10m^^^^^^^^^^^^^^^^^^^^^^^^^^^^^^^^^^^^^^^^^^^\u001b[0m\n\n"}
{"message":"the trait bound `frame_support::BoundedVec<frame_benchmarking::Vec<u8>, <T as pallet::Config>::MaxKittiesOwned>: StorageAppend<_>` is not satisfied","code":{"code":"E0277","explanation":"You tried to use a type which doesn't implement some trait in a place which\nexpected that trait.\n\nErroneous code example:\n\n```compile_fail,E0277\n// here we declare the Foo trait with a bar method\ntrait Foo {\n    fn bar(&self);\n}\n\n// we now declare a function which takes an object implementing the Foo trait\nfn some_func<T: Foo>(foo: T) {\n    foo.bar();\n}\n\nfn main() {\n    // we now call the method with the i32 type, which doesn't implement\n    // the Foo trait\n    some_func(5i32); // error: the trait bound `i32 : Foo` is not satisfied\n}\n```\n\nIn order to fix this error, verify that the type you're using does implement\nthe trait. Example:\n\n```\ntrait Foo {\n    fn bar(&self);\n}\n\n// we implement the trait on the i32 type\nimpl Foo for i32 {\n    fn bar(&self) {}\n}\n\nfn some_func<T: Foo>(foo: T) {\n    foo.bar(); // we can now use this method since i32 implements the\n               // Foo trait\n}\n\nfn main() {\n    some_func(5i32); // ok!\n}\n```\n\nOr in a generic context, an erroneous code example would look like:\n\n```compile_fail,E0277\nfn some_func<T>(foo: T) {\n    println!(\"{:?}\", foo); // error: the trait `core::fmt::Debug` is not\n                           //        implemented for the type `T`\n}\n\nfn main() {\n    // We now call the method with the i32 type,\n    // which *does* implement the Debug trait.\n    some_func(5i32);\n}\n```\n\nNote that the error here is in the definition of the generic function. Although\nwe only call it with a parameter that does implement `Debug`, the compiler\nstill rejects the function. It must work with all possible input types. In\norder to make this example compile, we need to restrict the generic type we're\naccepting:\n\n```\nuse std::fmt;\n\n// Restrict the input type to types that implement Debug.\nfn some_func<T: fmt::Debug>(foo: T) {\n    println!(\"{:?}\", foo);\n}\n\nfn main() {\n    // Calling the method is still fine, as i32 implements Debug.\n    some_func(5i32);\n\n    // This would fail to compile now:\n    // struct WithoutDebug;\n    // some_func(WithoutDebug);\n}\n```\n\nRust only looks at the signature of the called function, as such it must\nalready specify all requirements that will be used for every type parameter.\n"},"level":"error","spans":[{"file_name":"pallets/kitties/src/lib.rs","byte_start":5896,"byte_end":5921,"line_start":201,"line_end":201,"column_start":4,"column_end":29,"is_primary":true,"text":[{"text":"\t\t\tKittiesOwned::<T>::append(&owner, kitty.dna.clone());","highlight_start":4,"highlight_end":29}],"label":"the trait `StorageAppend<_>` is not implemented for `frame_support::BoundedVec<frame_benchmarking::Vec<u8>, <T as pallet::Config>::MaxKittiesOwned>`","suggested_replacement":null,"suggestion_applicability":null,"expansion":null}],"children":[{"message":"required by a bound in `frame_support::pallet_prelude::StorageMap::<Prefix, Hasher, Key, Value, QueryKind, OnEmpty, MaxValues>::append`","code":null,"level":"note","spans":[{"file_name":"pallets/kitties/src/lib.rs","byte_start":0,"byte_end":0,"line_start":1,"line_end":1,"column_start":1,"column_end":1,"is_primary":false,"text":[],"label":"required by a bound in this","suggested_replacement":null,"suggestion_applicability":null,"expansion":null},{"file_name":"/home/truonghai/.cargo/git/checkouts/substrate-7e08433d4c370a21/257cdb5/frame/support/src/storage/types/map.rs","byte_start":7285,"byte_end":7304,"line_start":206,"line_end":206,"column_start":10,"column_end":29,"is_primary":true,"text":[{"text":"\t\tValue: StorageAppend<Item>,","highlight_start":10,"highlight_end":29}],"label":"required by this bound in `frame_support::pallet_prelude::StorageMap::<Prefix, Hasher, Key, Value, QueryKind, OnEmpty, MaxValues>::append`","suggested_replacement":null,"suggestion_applicability":null,"expansion":null}],"children":[],"rendered":null}],"rendered":"\u001b[0m\u001b[1m\u001b[38;5;9merror[E0277]\u001b[0m\u001b[0m\u001b[1m: the trait bound `frame_support::BoundedVec<frame_benchmarking::Vec<u8>, <T as pallet::Config>::MaxKittiesOwned>: StorageAppend<_>` is not satisfied\u001b[0m\n\u001b[0m   \u001b[0m\u001b[0m\u001b[1m\u001b[38;5;12m--> \u001b[0m\u001b[0mpallets/kitties/src/lib.rs:201:4\u001b[0m\n\u001b[0m    \u001b[0m\u001b[0m\u001b[1m\u001b[38;5;12m|\u001b[0m\n\u001b[0m\u001b[1m\u001b[38;5;12m201\u001b[0m\u001b[0m \u001b[0m\u001b[0m\u001b[1m\u001b[38;5;12m| \u001b[0m\u001b[0m            KittiesOwned::<T>::append(&owner, kitty.dna.clone());\u001b[0m\n\u001b[0m    \u001b[0m\u001b[0m\u001b[1m\u001b[38;5;12m| \u001b[0m\u001b[0m            \u001b[0m\u001b[0m\u001b[1m\u001b[38;5;9m^^^^^^^^^^^^^^^^^^^^^^^^^\u001b[0m\u001b[0m \u001b[0m\u001b[0m\u001b[1m\u001b[38;5;9mthe trait `StorageAppend<_>` is not implemented for `frame_support::BoundedVec<frame_benchmarking::Vec<u8>, <T as pallet::Config>::MaxKittiesOwned>`\u001b[0m\n\u001b[0m    \u001b[0m\u001b[0m\u001b[1m\u001b[38;5;12m|\u001b[0m\n\u001b[0m\u001b[1m\u001b[38;5;10mnote\u001b[0m\u001b[0m: required by a bound in `frame_support::pallet_prelude::StorageMap::<Prefix, Hasher, Key, Value, QueryKind, OnEmpty, MaxValues>::append`\u001b[0m\n\u001b[0m   \u001b[0m\u001b[0m\u001b[1m\u001b[38;5;12m--> \u001b[0m\u001b[0m/home/truonghai/.cargo/git/checkouts/substrate-7e08433d4c370a21/257cdb5/frame/support/src/storage/types/map.rs:206:10\u001b[0m\n\u001b[0m    \u001b[0m\u001b[0m\u001b[1m\u001b[38;5;12m|\u001b[0m\n\u001b[0m\u001b[1m\u001b[38;5;12m206\u001b[0m\u001b[0m \u001b[0m\u001b[0m\u001b[1m\u001b[38;5;12m| \u001b[0m\u001b[0m        Value: StorageAppend<Item>,\u001b[0m\n\u001b[0m    \u001b[0m\u001b[0m\u001b[1m\u001b[38;5;12m| \u001b[0m\u001b[0m               \u001b[0m\u001b[0m\u001b[1m\u001b[38;5;10m^^^^^^^^^^^^^^^^^^^\u001b[0m\u001b[0m \u001b[0m\u001b[0m\u001b[1m\u001b[38;5;10mrequired by this bound in `frame_support::pallet_prelude::StorageMap::<Prefix, Hasher, Key, Value, QueryKind, OnEmpty, MaxValues>::append`\u001b[0m\n\n"}
{"message":"the function or associated item `insert` exists for struct `frame_support::pallet_prelude::StorageMap<_GeneratedPrefixForStorageKitties<T>, frame_support::Blake2_128Concat, frame_benchmarking::Vec<u8>, Kitty<T>>`, but its trait bounds were not satisfied","code":{"code":"E0599","explanation":"This error occurs when a method is used on a type which doesn't implement it:\n\nErroneous code example:\n\n```compile_fail,E0599\nstruct Mouth;\n\nlet x = Mouth;\nx.chocolate(); // error: no method named `chocolate` found for type `Mouth`\n               //        in the current scope\n```\n\nIn this case, you need to implement the `chocolate` method to fix the error:\n\n```\nstruct Mouth;\n\nimpl Mouth {\n    fn chocolate(&self) { // We implement the `chocolate` method here.\n        println!(\"Hmmm! I love chocolate!\");\n    }\n}\n\nlet x = Mouth;\nx.chocolate(); // ok!\n```\n"},"level":"error","spans":[{"file_name":"pallets/kitties/src/lib.rs","byte_start":6001,"byte_end":6007,"line_start":204,"line_end":204,"column_start":18,"column_end":24,"is_primary":true,"text":[{"text":"\t\t\tKitties::<T>::insert(kitty.dna.clone(), kitty);","highlight_start":18,"highlight_end":24}],"label":"function or associated item cannot be called on `frame_support::pallet_prelude::StorageMap<_GeneratedPrefixForStorageKitties<T>, frame_support::Blake2_128Concat, frame_benchmarking::Vec<u8>, Kitty<T>>` due to unsatisfied trait bounds","suggested_replacement":null,"suggestion_applicability":null,"expansion":null},{"file_name":"pallets/kitties/src/lib.rs","byte_start":586,"byte_end":613,"line_start":23,"line_end":23,"column_start":2,"column_end":29,"is_primary":false,"text":[{"text":"\tpub struct Kitty<T: Config> {","highlight_start":2,"highlight_end":29}],"label":"doesn't satisfy `Kitty<T>: FullCodec`","suggested_replacement":null,"suggestion_applicability":null,"expansion":null},{"file_name":"/home/truonghai/.cargo/git/checkouts/substrate-7e08433d4c370a21/257cdb5/frame/support/src/storage/types/mod.rs","byte_start":2446,"byte_end":2469,"line_start":69,"line_end":69,"column_start":1,"column_end":24,"is_primary":false,"text":[{"text":"pub struct OptionQuery;","highlight_start":1,"highlight_end":24}],"label":"doesn't satisfy `OptionQuery: QueryKindTrait<Kitty<T>, GetDefault>`","suggested_replacement":null,"suggestion_applicability":null,"expansion":null}],"children":[{"message":"the following trait bounds were not satisfied:\n`Kitty<T>: FullCodec`\n`OptionQuery: QueryKindTrait<Kitty<T>, GetDefault>`","code":null,"level":"note","spans":[],"children":[],"rendered":null},{"message":"the following trait must be implemented","code":null,"level":"note","spans":[{"file_name":"/home/truonghai/.cargo/registry/src/github.com-1ecc6299db9ec823/parity-scale-codec-3.1.2/src/codec.rs","byte_start":9351,"byte_end":9394,"line_start":320,"line_end":320,"column_start":1,"column_end":44,"is_primary":true,"text":[{"text":"pub trait FullCodec: Decode + FullEncode {}","highlight_start":1,"highlight_end":44}],"label":null,"suggested_replacement":null,"suggestion_applicability":null,"expansion":null}],"children":[],"rendered":null}],"rendered":"\u001b[0m\u001b[1m\u001b[38;5;9merror[E0599]\u001b[0m\u001b[0m\u001b[1m: the function or associated item `insert` exists for struct `frame_support::pallet_prelude::StorageMap<_GeneratedPrefixForStorageKitties<T>, frame_support::Blake2_128Concat, frame_benchmarking::Vec<u8>, Kitty<T>>`, but its trait bounds were not satisfied\u001b[0m\n\u001b[0m   \u001b[0m\u001b[0m\u001b[1m\u001b[38;5;12m--> \u001b[0m\u001b[0mpallets/kitties/src/lib.rs:204:18\u001b[0m\n\u001b[0m    \u001b[0m\u001b[0m\u001b[1m\u001b[38;5;12m|\u001b[0m\n\u001b[0m\u001b[1m\u001b[38;5;12m23\u001b[0m\u001b[0m  \u001b[0m\u001b[0m\u001b[1m\u001b[38;5;12m| \u001b[0m\u001b[0m    pub struct Kitty<T: Config> {\u001b[0m\n\u001b[0m    \u001b[0m\u001b[0m\u001b[1m\u001b[38;5;12m| \u001b[0m\u001b[0m    \u001b[0m\u001b[0m\u001b[1m\u001b[38;5;12m---------------------------\u001b[0m\u001b[0m \u001b[0m\u001b[0m\u001b[1m\u001b[38;5;12mdoesn't satisfy `Kitty<T>: FullCodec`\u001b[0m\n\u001b[0m\u001b[1m\u001b[38;5;12m...\u001b[0m\n\u001b[0m\u001b[1m\u001b[38;5;12m204\u001b[0m\u001b[0m \u001b[0m\u001b[0m\u001b[1m\u001b[38;5;12m| \u001b[0m\u001b[0m            Kitties::<T>::insert(kitty.dna.clone(), kitty);\u001b[0m\n\u001b[0m    \u001b[0m\u001b[0m\u001b[1m\u001b[38;5;12m| \u001b[0m\u001b[0m                          \u001b[0m\u001b[0m\u001b[1m\u001b[38;5;9m^^^^^^\u001b[0m\u001b[0m \u001b[0m\u001b[0m\u001b[1m\u001b[38;5;9mfunction or associated item cannot be called on `frame_support::pallet_prelude::StorageMap<_GeneratedPrefixForStorageKitties<T>, frame_support::Blake2_128Concat, frame_benchmarking::Vec<u8>, Kitty<T>>` due to unsatisfied trait bounds\u001b[0m\n\u001b[0m    \u001b[0m\u001b[0m\u001b[1m\u001b[38;5;12m|\u001b[0m\n\u001b[0m   \u001b[0m\u001b[0m\u001b[1m\u001b[38;5;12m::: \u001b[0m\u001b[0m/home/truonghai/.cargo/git/checkouts/substrate-7e08433d4c370a21/257cdb5/frame/support/src/storage/types/mod.rs:69:1\u001b[0m\n\u001b[0m    \u001b[0m\u001b[0m\u001b[1m\u001b[38;5;12m|\u001b[0m\n\u001b[0m\u001b[1m\u001b[38;5;12m69\u001b[0m\u001b[0m  \u001b[0m\u001b[0m\u001b[1m\u001b[38;5;12m| \u001b[0m\u001b[0mpub struct OptionQuery;\u001b[0m\n\u001b[0m    \u001b[0m\u001b[0m\u001b[1m\u001b[38;5;12m| \u001b[0m\u001b[0m\u001b[1m\u001b[38;5;12m-----------------------\u001b[0m\u001b[0m \u001b[0m\u001b[0m\u001b[1m\u001b[38;5;12mdoesn't satisfy `OptionQuery: QueryKindTrait<Kitty<T>, GetDefault>`\u001b[0m\n\u001b[0m    \u001b[0m\u001b[0m\u001b[1m\u001b[38;5;12m|\u001b[0m\n\u001b[0m    \u001b[0m\u001b[0m\u001b[1m\u001b[38;5;12m= \u001b[0m\u001b[0m\u001b[1mnote\u001b[0m\u001b[0m: the following trait bounds were not satisfied:\u001b[0m\n\u001b[0m            `Kitty<T>: FullCodec`\u001b[0m\n\u001b[0m            `OptionQuery: QueryKindTrait<Kitty<T>, GetDefault>`\u001b[0m\n\u001b[0m\u001b[1m\u001b[38;5;10mnote\u001b[0m\u001b[0m: the following trait must be implemented\u001b[0m\n\u001b[0m   \u001b[0m\u001b[0m\u001b[1m\u001b[38;5;12m--> \u001b[0m\u001b[0m/home/truonghai/.cargo/registry/src/github.com-1ecc6299db9ec823/parity-scale-codec-3.1.2/src/codec.rs:320:1\u001b[0m\n\u001b[0m    \u001b[0m\u001b[0m\u001b[1m\u001b[38;5;12m|\u001b[0m\n\u001b[0m\u001b[1m\u001b[38;5;12m320\u001b[0m\u001b[0m \u001b[0m\u001b[0m\u001b[1m\u001b[38;5;12m| \u001b[0m\u001b[0mpub trait FullCodec: Decode + FullEncode {}\u001b[0m\n\u001b[0m    \u001b[0m\u001b[0m\u001b[1m\u001b[38;5;12m| \u001b[0m\u001b[0m\u001b[1m\u001b[38;5;10m^^^^^^^^^^^^^^^^^^^^^^^^^^^^^^^^^^^^^^^^^^^\u001b[0m\n\n"}
{"message":"the function or associated item `get` exists for struct `frame_support::pallet_prelude::StorageMap<_GeneratedPrefixForStorageKitties<T>, frame_support::Blake2_128Concat, frame_benchmarking::Vec<u8>, Kitty<T>>`, but its trait bounds were not satisfied","code":{"code":"E0599","explanation":"This error occurs when a method is used on a type which doesn't implement it:\n\nErroneous code example:\n\n```compile_fail,E0599\nstruct Mouth;\n\nlet x = Mouth;\nx.chocolate(); // error: no method named `chocolate` found for type `Mouth`\n               //        in the current scope\n```\n\nIn this case, you need to implement the `chocolate` method to fix the error:\n\n```\nstruct Mouth;\n\nimpl Mouth {\n    fn chocolate(&self) { // We implement the `chocolate` method here.\n        println!(\"Hmmm! I love chocolate!\");\n    }\n}\n\nlet x = Mouth;\nx.chocolate(); // ok!\n```\n"},"level":"error","spans":[{"file_name":"pallets/kitties/src/lib.rs","byte_start":6445,"byte_end":6448,"line_start":220,"line_end":220,"column_start":34,"column_end":37,"is_primary":true,"text":[{"text":"\t\t\tlet mut kitty = Kitties::<T>::get(&dna).ok_or(Error::<T>::NoKitty)?;","highlight_start":34,"highlight_end":37}],"label":"function or associated item cannot be called on `frame_support::pallet_prelude::StorageMap<_GeneratedPrefixForStorageKitties<T>, frame_support::Blake2_128Concat, frame_benchmarking::Vec<u8>, Kitty<T>>` due to unsatisfied trait bounds","suggested_replacement":null,"suggestion_applicability":null,"expansion":null},{"file_name":"pallets/kitties/src/lib.rs","byte_start":586,"byte_end":613,"line_start":23,"line_end":23,"column_start":2,"column_end":29,"is_primary":false,"text":[{"text":"\tpub struct Kitty<T: Config> {","highlight_start":2,"highlight_end":29}],"label":"doesn't satisfy `Kitty<T>: FullCodec`","suggested_replacement":null,"suggestion_applicability":null,"expansion":null},{"file_name":"/home/truonghai/.cargo/git/checkouts/substrate-7e08433d4c370a21/257cdb5/frame/support/src/storage/types/mod.rs","byte_start":2446,"byte_end":2469,"line_start":69,"line_end":69,"column_start":1,"column_end":24,"is_primary":false,"text":[{"text":"pub struct OptionQuery;","highlight_start":1,"highlight_end":24}],"label":"doesn't satisfy `OptionQuery: QueryKindTrait<Kitty<T>, GetDefault>`","suggested_replacement":null,"suggestion_applicability":null,"expansion":null}],"children":[{"message":"the following trait bounds were not satisfied:\n`Kitty<T>: FullCodec`\n`OptionQuery: QueryKindTrait<Kitty<T>, GetDefault>`","code":null,"level":"note","spans":[],"children":[],"rendered":null},{"message":"the following trait must be implemented","code":null,"level":"note","spans":[{"file_name":"/home/truonghai/.cargo/registry/src/github.com-1ecc6299db9ec823/parity-scale-codec-3.1.2/src/codec.rs","byte_start":9351,"byte_end":9394,"line_start":320,"line_end":320,"column_start":1,"column_end":44,"is_primary":true,"text":[{"text":"pub trait FullCodec: Decode + FullEncode {}","highlight_start":1,"highlight_end":44}],"label":null,"suggested_replacement":null,"suggestion_applicability":null,"expansion":null}],"children":[],"rendered":null}],"rendered":"\u001b[0m\u001b[1m\u001b[38;5;9merror[E0599]\u001b[0m\u001b[0m\u001b[1m: the function or associated item `get` exists for struct `frame_support::pallet_prelude::StorageMap<_GeneratedPrefixForStorageKitties<T>, frame_support::Blake2_128Concat, frame_benchmarking::Vec<u8>, Kitty<T>>`, but its trait bounds were not satisfied\u001b[0m\n\u001b[0m   \u001b[0m\u001b[0m\u001b[1m\u001b[38;5;12m--> \u001b[0m\u001b[0mpallets/kitties/src/lib.rs:220:34\u001b[0m\n\u001b[0m    \u001b[0m\u001b[0m\u001b[1m\u001b[38;5;12m|\u001b[0m\n\u001b[0m\u001b[1m\u001b[38;5;12m23\u001b[0m\u001b[0m  \u001b[0m\u001b[0m\u001b[1m\u001b[38;5;12m| \u001b[0m\u001b[0m    pub struct Kitty<T: Config> {\u001b[0m\n\u001b[0m    \u001b[0m\u001b[0m\u001b[1m\u001b[38;5;12m| \u001b[0m\u001b[0m    \u001b[0m\u001b[0m\u001b[1m\u001b[38;5;12m---------------------------\u001b[0m\u001b[0m \u001b[0m\u001b[0m\u001b[1m\u001b[38;5;12mdoesn't satisfy `Kitty<T>: FullCodec`\u001b[0m\n\u001b[0m\u001b[1m\u001b[38;5;12m...\u001b[0m\n\u001b[0m\u001b[1m\u001b[38;5;12m220\u001b[0m\u001b[0m \u001b[0m\u001b[0m\u001b[1m\u001b[38;5;12m| \u001b[0m\u001b[0m            let mut kitty = Kitties::<T>::get(&dna).ok_or(Error::<T>::NoKitty)?;\u001b[0m\n\u001b[0m    \u001b[0m\u001b[0m\u001b[1m\u001b[38;5;12m| \u001b[0m\u001b[0m                                          \u001b[0m\u001b[0m\u001b[1m\u001b[38;5;9m^^^\u001b[0m\u001b[0m \u001b[0m\u001b[0m\u001b[1m\u001b[38;5;9mfunction or associated item cannot be called on `frame_support::pallet_prelude::StorageMap<_GeneratedPrefixForStorageKitties<T>, frame_support::Blake2_128Concat, frame_benchmarking::Vec<u8>, Kitty<T>>` due to unsatisfied trait bounds\u001b[0m\n\u001b[0m    \u001b[0m\u001b[0m\u001b[1m\u001b[38;5;12m|\u001b[0m\n\u001b[0m   \u001b[0m\u001b[0m\u001b[1m\u001b[38;5;12m::: \u001b[0m\u001b[0m/home/truonghai/.cargo/git/checkouts/substrate-7e08433d4c370a21/257cdb5/frame/support/src/storage/types/mod.rs:69:1\u001b[0m\n\u001b[0m    \u001b[0m\u001b[0m\u001b[1m\u001b[38;5;12m|\u001b[0m\n\u001b[0m\u001b[1m\u001b[38;5;12m69\u001b[0m\u001b[0m  \u001b[0m\u001b[0m\u001b[1m\u001b[38;5;12m| \u001b[0m\u001b[0mpub struct OptionQuery;\u001b[0m\n\u001b[0m    \u001b[0m\u001b[0m\u001b[1m\u001b[38;5;12m| \u001b[0m\u001b[0m\u001b[1m\u001b[38;5;12m-----------------------\u001b[0m\u001b[0m \u001b[0m\u001b[0m\u001b[1m\u001b[38;5;12mdoesn't satisfy `OptionQuery: QueryKindTrait<Kitty<T>, GetDefault>`\u001b[0m\n\u001b[0m    \u001b[0m\u001b[0m\u001b[1m\u001b[38;5;12m|\u001b[0m\n\u001b[0m    \u001b[0m\u001b[0m\u001b[1m\u001b[38;5;12m= \u001b[0m\u001b[0m\u001b[1mnote\u001b[0m\u001b[0m: the following trait bounds were not satisfied:\u001b[0m\n\u001b[0m            `Kitty<T>: FullCodec`\u001b[0m\n\u001b[0m            `OptionQuery: QueryKindTrait<Kitty<T>, GetDefault>`\u001b[0m\n\u001b[0m\u001b[1m\u001b[38;5;10mnote\u001b[0m\u001b[0m: the following trait must be implemented\u001b[0m\n\u001b[0m   \u001b[0m\u001b[0m\u001b[1m\u001b[38;5;12m--> \u001b[0m\u001b[0m/home/truonghai/.cargo/registry/src/github.com-1ecc6299db9ec823/parity-scale-codec-3.1.2/src/codec.rs:320:1\u001b[0m\n\u001b[0m    \u001b[0m\u001b[0m\u001b[1m\u001b[38;5;12m|\u001b[0m\n\u001b[0m\u001b[1m\u001b[38;5;12m320\u001b[0m\u001b[0m \u001b[0m\u001b[0m\u001b[1m\u001b[38;5;12m| \u001b[0m\u001b[0mpub trait FullCodec: Decode + FullEncode {}\u001b[0m\n\u001b[0m    \u001b[0m\u001b[0m\u001b[1m\u001b[38;5;12m| \u001b[0m\u001b[0m\u001b[1m\u001b[38;5;10m^^^^^^^^^^^^^^^^^^^^^^^^^^^^^^^^^^^^^^^^^^^\u001b[0m\n\n"}
{"message":"the function or associated item `insert` exists for struct `frame_support::pallet_prelude::StorageMap<_GeneratedPrefixForStorageKitties<T>, frame_support::Blake2_128Concat, frame_benchmarking::Vec<u8>, Kitty<T>>`, but its trait bounds were not satisfied","code":{"code":"E0599","explanation":"This error occurs when a method is used on a type which doesn't implement it:\n\nErroneous code example:\n\n```compile_fail,E0599\nstruct Mouth;\n\nlet x = Mouth;\nx.chocolate(); // error: no method named `chocolate` found for type `Mouth`\n               //        in the current scope\n```\n\nIn this case, you need to implement the `chocolate` method to fix the error:\n\n```\nstruct Mouth;\n\nimpl Mouth {\n    fn chocolate(&self) { // We implement the `chocolate` method here.\n        println!(\"Hmmm! I love chocolate!\");\n    }\n}\n\nlet x = Mouth;\nx.chocolate(); // ok!\n```\n"},"level":"error","spans":[{"file_name":"pallets/kitties/src/lib.rs","byte_start":7140,"byte_end":7146,"line_start":242,"line_end":242,"column_start":18,"column_end":24,"is_primary":true,"text":[{"text":"\t\t\tKitties::<T>::insert(&dna, kitty);","highlight_start":18,"highlight_end":24}],"label":"function or associated item cannot be called on `frame_support::pallet_prelude::StorageMap<_GeneratedPrefixForStorageKitties<T>, frame_support::Blake2_128Concat, frame_benchmarking::Vec<u8>, Kitty<T>>` due to unsatisfied trait bounds","suggested_replacement":null,"suggestion_applicability":null,"expansion":null},{"file_name":"pallets/kitties/src/lib.rs","byte_start":586,"byte_end":613,"line_start":23,"line_end":23,"column_start":2,"column_end":29,"is_primary":false,"text":[{"text":"\tpub struct Kitty<T: Config> {","highlight_start":2,"highlight_end":29}],"label":"doesn't satisfy `Kitty<T>: FullCodec`","suggested_replacement":null,"suggestion_applicability":null,"expansion":null},{"file_name":"/home/truonghai/.cargo/git/checkouts/substrate-7e08433d4c370a21/257cdb5/frame/support/src/storage/types/mod.rs","byte_start":2446,"byte_end":2469,"line_start":69,"line_end":69,"column_start":1,"column_end":24,"is_primary":false,"text":[{"text":"pub struct OptionQuery;","highlight_start":1,"highlight_end":24}],"label":"doesn't satisfy `OptionQuery: QueryKindTrait<Kitty<T>, GetDefault>`","suggested_replacement":null,"suggestion_applicability":null,"expansion":null}],"children":[{"message":"the following trait bounds were not satisfied:\n`Kitty<T>: FullCodec`\n`OptionQuery: QueryKindTrait<Kitty<T>, GetDefault>`","code":null,"level":"note","spans":[],"children":[],"rendered":null},{"message":"the following trait must be implemented","code":null,"level":"note","spans":[{"file_name":"/home/truonghai/.cargo/registry/src/github.com-1ecc6299db9ec823/parity-scale-codec-3.1.2/src/codec.rs","byte_start":9351,"byte_end":9394,"line_start":320,"line_end":320,"column_start":1,"column_end":44,"is_primary":true,"text":[{"text":"pub trait FullCodec: Decode + FullEncode {}","highlight_start":1,"highlight_end":44}],"label":null,"suggested_replacement":null,"suggestion_applicability":null,"expansion":null}],"children":[],"rendered":null}],"rendered":"\u001b[0m\u001b[1m\u001b[38;5;9merror[E0599]\u001b[0m\u001b[0m\u001b[1m: the function or associated item `insert` exists for struct `frame_support::pallet_prelude::StorageMap<_GeneratedPrefixForStorageKitties<T>, frame_support::Blake2_128Concat, frame_benchmarking::Vec<u8>, Kitty<T>>`, but its trait bounds were not satisfied\u001b[0m\n\u001b[0m   \u001b[0m\u001b[0m\u001b[1m\u001b[38;5;12m--> \u001b[0m\u001b[0mpallets/kitties/src/lib.rs:242:18\u001b[0m\n\u001b[0m    \u001b[0m\u001b[0m\u001b[1m\u001b[38;5;12m|\u001b[0m\n\u001b[0m\u001b[1m\u001b[38;5;12m23\u001b[0m\u001b[0m  \u001b[0m\u001b[0m\u001b[1m\u001b[38;5;12m| \u001b[0m\u001b[0m    pub struct Kitty<T: Config> {\u001b[0m\n\u001b[0m    \u001b[0m\u001b[0m\u001b[1m\u001b[38;5;12m| \u001b[0m\u001b[0m    \u001b[0m\u001b[0m\u001b[1m\u001b[38;5;12m---------------------------\u001b[0m\u001b[0m \u001b[0m\u001b[0m\u001b[1m\u001b[38;5;12mdoesn't satisfy `Kitty<T>: FullCodec`\u001b[0m\n\u001b[0m\u001b[1m\u001b[38;5;12m...\u001b[0m\n\u001b[0m\u001b[1m\u001b[38;5;12m242\u001b[0m\u001b[0m \u001b[0m\u001b[0m\u001b[1m\u001b[38;5;12m| \u001b[0m\u001b[0m            Kitties::<T>::insert(&dna, kitty);\u001b[0m\n\u001b[0m    \u001b[0m\u001b[0m\u001b[1m\u001b[38;5;12m| \u001b[0m\u001b[0m                          \u001b[0m\u001b[0m\u001b[1m\u001b[38;5;9m^^^^^^\u001b[0m\u001b[0m \u001b[0m\u001b[0m\u001b[1m\u001b[38;5;9mfunction or associated item cannot be called on `frame_support::pallet_prelude::StorageMap<_GeneratedPrefixForStorageKitties<T>, frame_support::Blake2_128Concat, frame_benchmarking::Vec<u8>, Kitty<T>>` due to unsatisfied trait bounds\u001b[0m\n\u001b[0m    \u001b[0m\u001b[0m\u001b[1m\u001b[38;5;12m|\u001b[0m\n\u001b[0m   \u001b[0m\u001b[0m\u001b[1m\u001b[38;5;12m::: \u001b[0m\u001b[0m/home/truonghai/.cargo/git/checkouts/substrate-7e08433d4c370a21/257cdb5/frame/support/src/storage/types/mod.rs:69:1\u001b[0m\n\u001b[0m    \u001b[0m\u001b[0m\u001b[1m\u001b[38;5;12m|\u001b[0m\n\u001b[0m\u001b[1m\u001b[38;5;12m69\u001b[0m\u001b[0m  \u001b[0m\u001b[0m\u001b[1m\u001b[38;5;12m| \u001b[0m\u001b[0mpub struct OptionQuery;\u001b[0m\n\u001b[0m    \u001b[0m\u001b[0m\u001b[1m\u001b[38;5;12m| \u001b[0m\u001b[0m\u001b[1m\u001b[38;5;12m-----------------------\u001b[0m\u001b[0m \u001b[0m\u001b[0m\u001b[1m\u001b[38;5;12mdoesn't satisfy `OptionQuery: QueryKindTrait<Kitty<T>, GetDefault>`\u001b[0m\n\u001b[0m    \u001b[0m\u001b[0m\u001b[1m\u001b[38;5;12m|\u001b[0m\n\u001b[0m    \u001b[0m\u001b[0m\u001b[1m\u001b[38;5;12m= \u001b[0m\u001b[0m\u001b[1mnote\u001b[0m\u001b[0m: the following trait bounds were not satisfied:\u001b[0m\n\u001b[0m            `Kitty<T>: FullCodec`\u001b[0m\n\u001b[0m            `OptionQuery: QueryKindTrait<Kitty<T>, GetDefault>`\u001b[0m\n\u001b[0m\u001b[1m\u001b[38;5;10mnote\u001b[0m\u001b[0m: the following trait must be implemented\u001b[0m\n\u001b[0m   \u001b[0m\u001b[0m\u001b[1m\u001b[38;5;12m--> \u001b[0m\u001b[0m/home/truonghai/.cargo/registry/src/github.com-1ecc6299db9ec823/parity-scale-codec-3.1.2/src/codec.rs:320:1\u001b[0m\n\u001b[0m    \u001b[0m\u001b[0m\u001b[1m\u001b[38;5;12m|\u001b[0m\n\u001b[0m\u001b[1m\u001b[38;5;12m320\u001b[0m\u001b[0m \u001b[0m\u001b[0m\u001b[1m\u001b[38;5;12m| \u001b[0m\u001b[0mpub trait FullCodec: Decode + FullEncode {}\u001b[0m\n\u001b[0m    \u001b[0m\u001b[0m\u001b[1m\u001b[38;5;12m| \u001b[0m\u001b[0m\u001b[1m\u001b[38;5;10m^^^^^^^^^^^^^^^^^^^^^^^^^^^^^^^^^^^^^^^^^^^\u001b[0m\n\n"}
{"message":"the trait bound `Kitty<T>: WrapperTypeDecode` is not satisfied","code":{"code":"E0277","explanation":"You tried to use a type which doesn't implement some trait in a place which\nexpected that trait.\n\nErroneous code example:\n\n```compile_fail,E0277\n// here we declare the Foo trait with a bar method\ntrait Foo {\n    fn bar(&self);\n}\n\n// we now declare a function which takes an object implementing the Foo trait\nfn some_func<T: Foo>(foo: T) {\n    foo.bar();\n}\n\nfn main() {\n    // we now call the method with the i32 type, which doesn't implement\n    // the Foo trait\n    some_func(5i32); // error: the trait bound `i32 : Foo` is not satisfied\n}\n```\n\nIn order to fix this error, verify that the type you're using does implement\nthe trait. Example:\n\n```\ntrait Foo {\n    fn bar(&self);\n}\n\n// we implement the trait on the i32 type\nimpl Foo for i32 {\n    fn bar(&self) {}\n}\n\nfn some_func<T: Foo>(foo: T) {\n    foo.bar(); // we can now use this method since i32 implements the\n               // Foo trait\n}\n\nfn main() {\n    some_func(5i32); // ok!\n}\n```\n\nOr in a generic context, an erroneous code example would look like:\n\n```compile_fail,E0277\nfn some_func<T>(foo: T) {\n    println!(\"{:?}\", foo); // error: the trait `core::fmt::Debug` is not\n                           //        implemented for the type `T`\n}\n\nfn main() {\n    // We now call the method with the i32 type,\n    // which *does* implement the Debug trait.\n    some_func(5i32);\n}\n```\n\nNote that the error here is in the definition of the generic function. Although\nwe only call it with a parameter that does implement `Debug`, the compiler\nstill rejects the function. It must work with all possible input types. In\norder to make this example compile, we need to restrict the generic type we're\naccepting:\n\n```\nuse std::fmt;\n\n// Restrict the input type to types that implement Debug.\nfn some_func<T: fmt::Debug>(foo: T) {\n    println!(\"{:?}\", foo);\n}\n\nfn main() {\n    // Calling the method is still fine, as i32 implements Debug.\n    some_func(5i32);\n\n    // This would fail to compile now:\n    // struct WithoutDebug;\n    // some_func(WithoutDebug);\n}\n```\n\nRust only looks at the signature of the called function, as such it must\nalready specify all requirements that will be used for every type parameter.\n"},"level":"error","spans":[{"file_name":"pallets/kitties/src/lib.rs","byte_start":1125,"byte_end":1145,"line_start":49,"line_end":49,"column_start":12,"column_end":32,"is_primary":true,"text":[{"text":"\t#[pallet::without_storage_info]","highlight_start":12,"highlight_end":32}],"label":"the trait `WrapperTypeDecode` is not implemented for `Kitty<T>`","suggested_replacement":null,"suggestion_applicability":null,"expansion":null}],"children":[{"message":"required because of the requirements on the impl of `parity_scale_codec::Decode` for `Kitty<T>`","code":null,"level":"note","spans":[],"children":[],"rendered":null},{"message":"required because of the requirements on the impl of `FullCodec` for `Kitty<T>`","code":null,"level":"note","spans":[],"children":[],"rendered":null},{"message":"required because of the requirements on the impl of `PartialStorageInfoTrait` for `frame_support::pallet_prelude::StorageMap<_GeneratedPrefixForStorageKitties<T>, frame_support::Blake2_128Concat, frame_benchmarking::Vec<u8>, Kitty<T>>`","code":null,"level":"note","spans":[],"children":[],"rendered":null}],"rendered":"\u001b[0m\u001b[1m\u001b[38;5;9merror[E0277]\u001b[0m\u001b[0m\u001b[1m: the trait bound `Kitty<T>: WrapperTypeDecode` is not satisfied\u001b[0m\n\u001b[0m  \u001b[0m\u001b[0m\u001b[1m\u001b[38;5;12m--> \u001b[0m\u001b[0mpallets/kitties/src/lib.rs:49:12\u001b[0m\n\u001b[0m   \u001b[0m\u001b[0m\u001b[1m\u001b[38;5;12m|\u001b[0m\n\u001b[0m\u001b[1m\u001b[38;5;12m49\u001b[0m\u001b[0m \u001b[0m\u001b[0m\u001b[1m\u001b[38;5;12m| \u001b[0m\u001b[0m    #[pallet::without_storage_info]\u001b[0m\n\u001b[0m   \u001b[0m\u001b[0m\u001b[1m\u001b[38;5;12m| \u001b[0m\u001b[0m              \u001b[0m\u001b[0m\u001b[1m\u001b[38;5;9m^^^^^^^^^^^^^^^^^^^^\u001b[0m\u001b[0m \u001b[0m\u001b[0m\u001b[1m\u001b[38;5;9mthe trait `WrapperTypeDecode` is not implemented for `Kitty<T>`\u001b[0m\n\u001b[0m   \u001b[0m\u001b[0m\u001b[1m\u001b[38;5;12m|\u001b[0m\n\u001b[0m   \u001b[0m\u001b[0m\u001b[1m\u001b[38;5;12m= \u001b[0m\u001b[0m\u001b[1mnote\u001b[0m\u001b[0m: required because of the requirements on the impl of `parity_scale_codec::Decode` for `Kitty<T>`\u001b[0m\n\u001b[0m   \u001b[0m\u001b[0m\u001b[1m\u001b[38;5;12m= \u001b[0m\u001b[0m\u001b[1mnote\u001b[0m\u001b[0m: required because of the requirements on the impl of `FullCodec` for `Kitty<T>`\u001b[0m\n\u001b[0m   \u001b[0m\u001b[0m\u001b[1m\u001b[38;5;12m= \u001b[0m\u001b[0m\u001b[1mnote\u001b[0m\u001b[0m: required because of the requirements on the impl of `PartialStorageInfoTrait` for `frame_support::pallet_prelude::StorageMap<_GeneratedPrefixForStorageKitties<T>, frame_support::Blake2_128Concat, frame_benchmarking::Vec<u8>, Kitty<T>>`\u001b[0m\n\n"}
{"message":"the trait bound `Kitty<T>: EncodeLike` is not satisfied","code":{"code":"E0277","explanation":"You tried to use a type which doesn't implement some trait in a place which\nexpected that trait.\n\nErroneous code example:\n\n```compile_fail,E0277\n// here we declare the Foo trait with a bar method\ntrait Foo {\n    fn bar(&self);\n}\n\n// we now declare a function which takes an object implementing the Foo trait\nfn some_func<T: Foo>(foo: T) {\n    foo.bar();\n}\n\nfn main() {\n    // we now call the method with the i32 type, which doesn't implement\n    // the Foo trait\n    some_func(5i32); // error: the trait bound `i32 : Foo` is not satisfied\n}\n```\n\nIn order to fix this error, verify that the type you're using does implement\nthe trait. Example:\n\n```\ntrait Foo {\n    fn bar(&self);\n}\n\n// we implement the trait on the i32 type\nimpl Foo for i32 {\n    fn bar(&self) {}\n}\n\nfn some_func<T: Foo>(foo: T) {\n    foo.bar(); // we can now use this method since i32 implements the\n               // Foo trait\n}\n\nfn main() {\n    some_func(5i32); // ok!\n}\n```\n\nOr in a generic context, an erroneous code example would look like:\n\n```compile_fail,E0277\nfn some_func<T>(foo: T) {\n    println!(\"{:?}\", foo); // error: the trait `core::fmt::Debug` is not\n                           //        implemented for the type `T`\n}\n\nfn main() {\n    // We now call the method with the i32 type,\n    // which *does* implement the Debug trait.\n    some_func(5i32);\n}\n```\n\nNote that the error here is in the definition of the generic function. Although\nwe only call it with a parameter that does implement `Debug`, the compiler\nstill rejects the function. It must work with all possible input types. In\norder to make this example compile, we need to restrict the generic type we're\naccepting:\n\n```\nuse std::fmt;\n\n// Restrict the input type to types that implement Debug.\nfn some_func<T: fmt::Debug>(foo: T) {\n    println!(\"{:?}\", foo);\n}\n\nfn main() {\n    // Calling the method is still fine, as i32 implements Debug.\n    some_func(5i32);\n\n    // This would fail to compile now:\n    // struct WithoutDebug;\n    // some_func(WithoutDebug);\n}\n```\n\nRust only looks at the signature of the called function, as such it must\nalready specify all requirements that will be used for every type parameter.\n"},"level":"error","spans":[{"file_name":"pallets/kitties/src/lib.rs","byte_start":1125,"byte_end":1145,"line_start":49,"line_end":49,"column_start":12,"column_end":32,"is_primary":true,"text":[{"text":"\t#[pallet::without_storage_info]","highlight_start":12,"highlight_end":32}],"label":"the trait `EncodeLike` is not implemented for `Kitty<T>`","suggested_replacement":null,"suggestion_applicability":null,"expansion":null}],"children":[{"message":"required because of the requirements on the impl of `FullEncode` for `Kitty<T>`","code":null,"level":"note","spans":[],"children":[],"rendered":null},{"message":"required because of the requirements on the impl of `FullCodec` for `Kitty<T>`","code":null,"level":"note","spans":[],"children":[],"rendered":null},{"message":"required because of the requirements on the impl of `PartialStorageInfoTrait` for `frame_support::pallet_prelude::StorageMap<_GeneratedPrefixForStorageKitties<T>, frame_support::Blake2_128Concat, frame_benchmarking::Vec<u8>, Kitty<T>>`","code":null,"level":"note","spans":[],"children":[],"rendered":null}],"rendered":"\u001b[0m\u001b[1m\u001b[38;5;9merror[E0277]\u001b[0m\u001b[0m\u001b[1m: the trait bound `Kitty<T>: EncodeLike` is not satisfied\u001b[0m\n\u001b[0m  \u001b[0m\u001b[0m\u001b[1m\u001b[38;5;12m--> \u001b[0m\u001b[0mpallets/kitties/src/lib.rs:49:12\u001b[0m\n\u001b[0m   \u001b[0m\u001b[0m\u001b[1m\u001b[38;5;12m|\u001b[0m\n\u001b[0m\u001b[1m\u001b[38;5;12m49\u001b[0m\u001b[0m \u001b[0m\u001b[0m\u001b[1m\u001b[38;5;12m| \u001b[0m\u001b[0m    #[pallet::without_storage_info]\u001b[0m\n\u001b[0m   \u001b[0m\u001b[0m\u001b[1m\u001b[38;5;12m| \u001b[0m\u001b[0m              \u001b[0m\u001b[0m\u001b[1m\u001b[38;5;9m^^^^^^^^^^^^^^^^^^^^\u001b[0m\u001b[0m \u001b[0m\u001b[0m\u001b[1m\u001b[38;5;9mthe trait `EncodeLike` is not implemented for `Kitty<T>`\u001b[0m\n\u001b[0m   \u001b[0m\u001b[0m\u001b[1m\u001b[38;5;12m|\u001b[0m\n\u001b[0m   \u001b[0m\u001b[0m\u001b[1m\u001b[38;5;12m= \u001b[0m\u001b[0m\u001b[1mnote\u001b[0m\u001b[0m: required because of the requirements on the impl of `FullEncode` for `Kitty<T>`\u001b[0m\n\u001b[0m   \u001b[0m\u001b[0m\u001b[1m\u001b[38;5;12m= \u001b[0m\u001b[0m\u001b[1mnote\u001b[0m\u001b[0m: required because of the requirements on the impl of `FullCodec` for `Kitty<T>`\u001b[0m\n\u001b[0m   \u001b[0m\u001b[0m\u001b[1m\u001b[38;5;12m= \u001b[0m\u001b[0m\u001b[1mnote\u001b[0m\u001b[0m: required because of the requirements on the impl of `PartialStorageInfoTrait` for `frame_support::pallet_prelude::StorageMap<_GeneratedPrefixForStorageKitties<T>, frame_support::Blake2_128Concat, frame_benchmarking::Vec<u8>, Kitty<T>>`\u001b[0m\n\n"}
{"message":"the trait bound `Kitty<T>: WrapperTypeEncode` is not satisfied","code":{"code":"E0277","explanation":"You tried to use a type which doesn't implement some trait in a place which\nexpected that trait.\n\nErroneous code example:\n\n```compile_fail,E0277\n// here we declare the Foo trait with a bar method\ntrait Foo {\n    fn bar(&self);\n}\n\n// we now declare a function which takes an object implementing the Foo trait\nfn some_func<T: Foo>(foo: T) {\n    foo.bar();\n}\n\nfn main() {\n    // we now call the method with the i32 type, which doesn't implement\n    // the Foo trait\n    some_func(5i32); // error: the trait bound `i32 : Foo` is not satisfied\n}\n```\n\nIn order to fix this error, verify that the type you're using does implement\nthe trait. Example:\n\n```\ntrait Foo {\n    fn bar(&self);\n}\n\n// we implement the trait on the i32 type\nimpl Foo for i32 {\n    fn bar(&self) {}\n}\n\nfn some_func<T: Foo>(foo: T) {\n    foo.bar(); // we can now use this method since i32 implements the\n               // Foo trait\n}\n\nfn main() {\n    some_func(5i32); // ok!\n}\n```\n\nOr in a generic context, an erroneous code example would look like:\n\n```compile_fail,E0277\nfn some_func<T>(foo: T) {\n    println!(\"{:?}\", foo); // error: the trait `core::fmt::Debug` is not\n                           //        implemented for the type `T`\n}\n\nfn main() {\n    // We now call the method with the i32 type,\n    // which *does* implement the Debug trait.\n    some_func(5i32);\n}\n```\n\nNote that the error here is in the definition of the generic function. Although\nwe only call it with a parameter that does implement `Debug`, the compiler\nstill rejects the function. It must work with all possible input types. In\norder to make this example compile, we need to restrict the generic type we're\naccepting:\n\n```\nuse std::fmt;\n\n// Restrict the input type to types that implement Debug.\nfn some_func<T: fmt::Debug>(foo: T) {\n    println!(\"{:?}\", foo);\n}\n\nfn main() {\n    // Calling the method is still fine, as i32 implements Debug.\n    some_func(5i32);\n\n    // This would fail to compile now:\n    // struct WithoutDebug;\n    // some_func(WithoutDebug);\n}\n```\n\nRust only looks at the signature of the called function, as such it must\nalready specify all requirements that will be used for every type parameter.\n"},"level":"error","spans":[{"file_name":"pallets/kitties/src/lib.rs","byte_start":1125,"byte_end":1145,"line_start":49,"line_end":49,"column_start":12,"column_end":32,"is_primary":true,"text":[{"text":"\t#[pallet::without_storage_info]","highlight_start":12,"highlight_end":32}],"label":"the trait `WrapperTypeEncode` is not implemented for `Kitty<T>`","suggested_replacement":null,"suggestion_applicability":null,"expansion":null}],"children":[{"message":"required because of the requirements on the impl of `parity_scale_codec::Encode` for `Kitty<T>`","code":null,"level":"note","spans":[],"children":[],"rendered":null},{"message":"required because of the requirements on the impl of `FullEncode` for `Kitty<T>`","code":null,"level":"note","spans":[],"children":[],"rendered":null},{"message":"required because of the requirements on the impl of `FullCodec` for `Kitty<T>`","code":null,"level":"note","spans":[],"children":[],"rendered":null},{"message":"required because of the requirements on the impl of `PartialStorageInfoTrait` for `frame_support::pallet_prelude::StorageMap<_GeneratedPrefixForStorageKitties<T>, frame_support::Blake2_128Concat, frame_benchmarking::Vec<u8>, Kitty<T>>`","code":null,"level":"note","spans":[],"children":[],"rendered":null}],"rendered":"\u001b[0m\u001b[1m\u001b[38;5;9merror[E0277]\u001b[0m\u001b[0m\u001b[1m: the trait bound `Kitty<T>: WrapperTypeEncode` is not satisfied\u001b[0m\n\u001b[0m  \u001b[0m\u001b[0m\u001b[1m\u001b[38;5;12m--> \u001b[0m\u001b[0mpallets/kitties/src/lib.rs:49:12\u001b[0m\n\u001b[0m   \u001b[0m\u001b[0m\u001b[1m\u001b[38;5;12m|\u001b[0m\n\u001b[0m\u001b[1m\u001b[38;5;12m49\u001b[0m\u001b[0m \u001b[0m\u001b[0m\u001b[1m\u001b[38;5;12m| \u001b[0m\u001b[0m    #[pallet::without_storage_info]\u001b[0m\n\u001b[0m   \u001b[0m\u001b[0m\u001b[1m\u001b[38;5;12m| \u001b[0m\u001b[0m              \u001b[0m\u001b[0m\u001b[1m\u001b[38;5;9m^^^^^^^^^^^^^^^^^^^^\u001b[0m\u001b[0m \u001b[0m\u001b[0m\u001b[1m\u001b[38;5;9mthe trait `WrapperTypeEncode` is not implemented for `Kitty<T>`\u001b[0m\n\u001b[0m   \u001b[0m\u001b[0m\u001b[1m\u001b[38;5;12m|\u001b[0m\n\u001b[0m   \u001b[0m\u001b[0m\u001b[1m\u001b[38;5;12m= \u001b[0m\u001b[0m\u001b[1mnote\u001b[0m\u001b[0m: required because of the requirements on the impl of `parity_scale_codec::Encode` for `Kitty<T>`\u001b[0m\n\u001b[0m   \u001b[0m\u001b[0m\u001b[1m\u001b[38;5;12m= \u001b[0m\u001b[0m\u001b[1mnote\u001b[0m\u001b[0m: required because of the requirements on the impl of `FullEncode` for `Kitty<T>`\u001b[0m\n\u001b[0m   \u001b[0m\u001b[0m\u001b[1m\u001b[38;5;12m= \u001b[0m\u001b[0m\u001b[1mnote\u001b[0m\u001b[0m: required because of the requirements on the impl of `FullCodec` for `Kitty<T>`\u001b[0m\n\u001b[0m   \u001b[0m\u001b[0m\u001b[1m\u001b[38;5;12m= \u001b[0m\u001b[0m\u001b[1mnote\u001b[0m\u001b[0m: required because of the requirements on the impl of `PartialStorageInfoTrait` for `frame_support::pallet_prelude::StorageMap<_GeneratedPrefixForStorageKitties<T>, frame_support::Blake2_128Concat, frame_benchmarking::Vec<u8>, Kitty<T>>`\u001b[0m\n\n"}
{"message":"the trait bound `Kitty<T>: scale_info::TypeInfo` is not satisfied","code":{"code":"E0277","explanation":"You tried to use a type which doesn't implement some trait in a place which\nexpected that trait.\n\nErroneous code example:\n\n```compile_fail,E0277\n// here we declare the Foo trait with a bar method\ntrait Foo {\n    fn bar(&self);\n}\n\n// we now declare a function which takes an object implementing the Foo trait\nfn some_func<T: Foo>(foo: T) {\n    foo.bar();\n}\n\nfn main() {\n    // we now call the method with the i32 type, which doesn't implement\n    // the Foo trait\n    some_func(5i32); // error: the trait bound `i32 : Foo` is not satisfied\n}\n```\n\nIn order to fix this error, verify that the type you're using does implement\nthe trait. Example:\n\n```\ntrait Foo {\n    fn bar(&self);\n}\n\n// we implement the trait on the i32 type\nimpl Foo for i32 {\n    fn bar(&self) {}\n}\n\nfn some_func<T: Foo>(foo: T) {\n    foo.bar(); // we can now use this method since i32 implements the\n               // Foo trait\n}\n\nfn main() {\n    some_func(5i32); // ok!\n}\n```\n\nOr in a generic context, an erroneous code example would look like:\n\n```compile_fail,E0277\nfn some_func<T>(foo: T) {\n    println!(\"{:?}\", foo); // error: the trait `core::fmt::Debug` is not\n                           //        implemented for the type `T`\n}\n\nfn main() {\n    // We now call the method with the i32 type,\n    // which *does* implement the Debug trait.\n    some_func(5i32);\n}\n```\n\nNote that the error here is in the definition of the generic function. Although\nwe only call it with a parameter that does implement `Debug`, the compiler\nstill rejects the function. It must work with all possible input types. In\norder to make this example compile, we need to restrict the generic type we're\naccepting:\n\n```\nuse std::fmt;\n\n// Restrict the input type to types that implement Debug.\nfn some_func<T: fmt::Debug>(foo: T) {\n    println!(\"{:?}\", foo);\n}\n\nfn main() {\n    // Calling the method is still fine, as i32 implements Debug.\n    some_func(5i32);\n\n    // This would fail to compile now:\n    // struct WithoutDebug;\n    // some_func(WithoutDebug);\n}\n```\n\nRust only looks at the signature of the called function, as such it must\nalready specify all requirements that will be used for every type parameter.\n"},"level":"error","spans":[{"file_name":"pallets/kitties/src/lib.rs","byte_start":3187,"byte_end":3194,"line_start":108,"line_end":108,"column_start":12,"column_end":19,"is_primary":true,"text":[{"text":"\t#[pallet::storage]","highlight_start":12,"highlight_end":19}],"label":"the trait `scale_info::TypeInfo` is not implemented for `Kitty<T>`","suggested_replacement":null,"suggestion_applicability":null,"expansion":null}],"children":[{"message":"required because of the requirements on the impl of `StaticTypeInfo` for `Kitty<T>`","code":null,"level":"note","spans":[],"children":[],"rendered":null},{"message":"required because of the requirements on the impl of `StorageEntryMetadataBuilder` for `frame_support::pallet_prelude::StorageMap<_GeneratedPrefixForStorageKitties<T>, frame_support::Blake2_128Concat, frame_benchmarking::Vec<u8>, Kitty<T>>`","code":null,"level":"note","spans":[],"children":[],"rendered":null}],"rendered":"\u001b[0m\u001b[1m\u001b[38;5;9merror[E0277]\u001b[0m\u001b[0m\u001b[1m: the trait bound `Kitty<T>: scale_info::TypeInfo` is not satisfied\u001b[0m\n\u001b[0m   \u001b[0m\u001b[0m\u001b[1m\u001b[38;5;12m--> \u001b[0m\u001b[0mpallets/kitties/src/lib.rs:108:12\u001b[0m\n\u001b[0m    \u001b[0m\u001b[0m\u001b[1m\u001b[38;5;12m|\u001b[0m\n\u001b[0m\u001b[1m\u001b[38;5;12m108\u001b[0m\u001b[0m \u001b[0m\u001b[0m\u001b[1m\u001b[38;5;12m| \u001b[0m\u001b[0m    #[pallet::storage]\u001b[0m\n\u001b[0m    \u001b[0m\u001b[0m\u001b[1m\u001b[38;5;12m| \u001b[0m\u001b[0m              \u001b[0m\u001b[0m\u001b[1m\u001b[38;5;9m^^^^^^^\u001b[0m\u001b[0m \u001b[0m\u001b[0m\u001b[1m\u001b[38;5;9mthe trait `scale_info::TypeInfo` is not implemented for `Kitty<T>`\u001b[0m\n\u001b[0m    \u001b[0m\u001b[0m\u001b[1m\u001b[38;5;12m|\u001b[0m\n\u001b[0m    \u001b[0m\u001b[0m\u001b[1m\u001b[38;5;12m= \u001b[0m\u001b[0m\u001b[1mnote\u001b[0m\u001b[0m: required because of the requirements on the impl of `StaticTypeInfo` for `Kitty<T>`\u001b[0m\n\u001b[0m    \u001b[0m\u001b[0m\u001b[1m\u001b[38;5;12m= \u001b[0m\u001b[0m\u001b[1mnote\u001b[0m\u001b[0m: required because of the requirements on the impl of `StorageEntryMetadataBuilder` for `frame_support::pallet_prelude::StorageMap<_GeneratedPrefixForStorageKitties<T>, frame_support::Blake2_128Concat, frame_benchmarking::Vec<u8>, Kitty<T>>`\u001b[0m\n\n"}
{"message":"the trait bound `Kitty<T>: WrapperTypeDecode` is not satisfied","code":{"code":"E0277","explanation":"You tried to use a type which doesn't implement some trait in a place which\nexpected that trait.\n\nErroneous code example:\n\n```compile_fail,E0277\n// here we declare the Foo trait with a bar method\ntrait Foo {\n    fn bar(&self);\n}\n\n// we now declare a function which takes an object implementing the Foo trait\nfn some_func<T: Foo>(foo: T) {\n    foo.bar();\n}\n\nfn main() {\n    // we now call the method with the i32 type, which doesn't implement\n    // the Foo trait\n    some_func(5i32); // error: the trait bound `i32 : Foo` is not satisfied\n}\n```\n\nIn order to fix this error, verify that the type you're using does implement\nthe trait. Example:\n\n```\ntrait Foo {\n    fn bar(&self);\n}\n\n// we implement the trait on the i32 type\nimpl Foo for i32 {\n    fn bar(&self) {}\n}\n\nfn some_func<T: Foo>(foo: T) {\n    foo.bar(); // we can now use this method since i32 implements the\n               // Foo trait\n}\n\nfn main() {\n    some_func(5i32); // ok!\n}\n```\n\nOr in a generic context, an erroneous code example would look like:\n\n```compile_fail,E0277\nfn some_func<T>(foo: T) {\n    println!(\"{:?}\", foo); // error: the trait `core::fmt::Debug` is not\n                           //        implemented for the type `T`\n}\n\nfn main() {\n    // We now call the method with the i32 type,\n    // which *does* implement the Debug trait.\n    some_func(5i32);\n}\n```\n\nNote that the error here is in the definition of the generic function. Although\nwe only call it with a parameter that does implement `Debug`, the compiler\nstill rejects the function. It must work with all possible input types. In\norder to make this example compile, we need to restrict the generic type we're\naccepting:\n\n```\nuse std::fmt;\n\n// Restrict the input type to types that implement Debug.\nfn some_func<T: fmt::Debug>(foo: T) {\n    println!(\"{:?}\", foo);\n}\n\nfn main() {\n    // Calling the method is still fine, as i32 implements Debug.\n    some_func(5i32);\n\n    // This would fail to compile now:\n    // struct WithoutDebug;\n    // some_func(WithoutDebug);\n}\n```\n\nRust only looks at the signature of the called function, as such it must\nalready specify all requirements that will be used for every type parameter.\n"},"level":"error","spans":[{"file_name":"pallets/kitties/src/lib.rs","byte_start":3187,"byte_end":3194,"line_start":108,"line_end":108,"column_start":12,"column_end":19,"is_primary":true,"text":[{"text":"\t#[pallet::storage]","highlight_start":12,"highlight_end":19}],"label":"the trait `WrapperTypeDecode` is not implemented for `Kitty<T>`","suggested_replacement":null,"suggestion_applicability":null,"expansion":null}],"children":[{"message":"required because of the requirements on the impl of `parity_scale_codec::Decode` for `Kitty<T>`","code":null,"level":"note","spans":[],"children":[],"rendered":null},{"message":"required because of the requirements on the impl of `FullCodec` for `Kitty<T>`","code":null,"level":"note","spans":[],"children":[],"rendered":null},{"message":"required because of the requirements on the impl of `StorageEntryMetadataBuilder` for `frame_support::pallet_prelude::StorageMap<_GeneratedPrefixForStorageKitties<T>, frame_support::Blake2_128Concat, frame_benchmarking::Vec<u8>, Kitty<T>>`","code":null,"level":"note","spans":[],"children":[],"rendered":null}],"rendered":"\u001b[0m\u001b[1m\u001b[38;5;9merror[E0277]\u001b[0m\u001b[0m\u001b[1m: the trait bound `Kitty<T>: WrapperTypeDecode` is not satisfied\u001b[0m\n\u001b[0m   \u001b[0m\u001b[0m\u001b[1m\u001b[38;5;12m--> \u001b[0m\u001b[0mpallets/kitties/src/lib.rs:108:12\u001b[0m\n\u001b[0m    \u001b[0m\u001b[0m\u001b[1m\u001b[38;5;12m|\u001b[0m\n\u001b[0m\u001b[1m\u001b[38;5;12m108\u001b[0m\u001b[0m \u001b[0m\u001b[0m\u001b[1m\u001b[38;5;12m| \u001b[0m\u001b[0m    #[pallet::storage]\u001b[0m\n\u001b[0m    \u001b[0m\u001b[0m\u001b[1m\u001b[38;5;12m| \u001b[0m\u001b[0m              \u001b[0m\u001b[0m\u001b[1m\u001b[38;5;9m^^^^^^^\u001b[0m\u001b[0m \u001b[0m\u001b[0m\u001b[1m\u001b[38;5;9mthe trait `WrapperTypeDecode` is not implemented for `Kitty<T>`\u001b[0m\n\u001b[0m    \u001b[0m\u001b[0m\u001b[1m\u001b[38;5;12m|\u001b[0m\n\u001b[0m    \u001b[0m\u001b[0m\u001b[1m\u001b[38;5;12m= \u001b[0m\u001b[0m\u001b[1mnote\u001b[0m\u001b[0m: required because of the requirements on the impl of `parity_scale_codec::Decode` for `Kitty<T>`\u001b[0m\n\u001b[0m    \u001b[0m\u001b[0m\u001b[1m\u001b[38;5;12m= \u001b[0m\u001b[0m\u001b[1mnote\u001b[0m\u001b[0m: required because of the requirements on the impl of `FullCodec` for `Kitty<T>`\u001b[0m\n\u001b[0m    \u001b[0m\u001b[0m\u001b[1m\u001b[38;5;12m= \u001b[0m\u001b[0m\u001b[1mnote\u001b[0m\u001b[0m: required because of the requirements on the impl of `StorageEntryMetadataBuilder` for `frame_support::pallet_prelude::StorageMap<_GeneratedPrefixForStorageKitties<T>, frame_support::Blake2_128Concat, frame_benchmarking::Vec<u8>, Kitty<T>>`\u001b[0m\n\n"}
{"message":"the trait bound `Kitty<T>: EncodeLike` is not satisfied","code":{"code":"E0277","explanation":"You tried to use a type which doesn't implement some trait in a place which\nexpected that trait.\n\nErroneous code example:\n\n```compile_fail,E0277\n// here we declare the Foo trait with a bar method\ntrait Foo {\n    fn bar(&self);\n}\n\n// we now declare a function which takes an object implementing the Foo trait\nfn some_func<T: Foo>(foo: T) {\n    foo.bar();\n}\n\nfn main() {\n    // we now call the method with the i32 type, which doesn't implement\n    // the Foo trait\n    some_func(5i32); // error: the trait bound `i32 : Foo` is not satisfied\n}\n```\n\nIn order to fix this error, verify that the type you're using does implement\nthe trait. Example:\n\n```\ntrait Foo {\n    fn bar(&self);\n}\n\n// we implement the trait on the i32 type\nimpl Foo for i32 {\n    fn bar(&self) {}\n}\n\nfn some_func<T: Foo>(foo: T) {\n    foo.bar(); // we can now use this method since i32 implements the\n               // Foo trait\n}\n\nfn main() {\n    some_func(5i32); // ok!\n}\n```\n\nOr in a generic context, an erroneous code example would look like:\n\n```compile_fail,E0277\nfn some_func<T>(foo: T) {\n    println!(\"{:?}\", foo); // error: the trait `core::fmt::Debug` is not\n                           //        implemented for the type `T`\n}\n\nfn main() {\n    // We now call the method with the i32 type,\n    // which *does* implement the Debug trait.\n    some_func(5i32);\n}\n```\n\nNote that the error here is in the definition of the generic function. Although\nwe only call it with a parameter that does implement `Debug`, the compiler\nstill rejects the function. It must work with all possible input types. In\norder to make this example compile, we need to restrict the generic type we're\naccepting:\n\n```\nuse std::fmt;\n\n// Restrict the input type to types that implement Debug.\nfn some_func<T: fmt::Debug>(foo: T) {\n    println!(\"{:?}\", foo);\n}\n\nfn main() {\n    // Calling the method is still fine, as i32 implements Debug.\n    some_func(5i32);\n\n    // This would fail to compile now:\n    // struct WithoutDebug;\n    // some_func(WithoutDebug);\n}\n```\n\nRust only looks at the signature of the called function, as such it must\nalready specify all requirements that will be used for every type parameter.\n"},"level":"error","spans":[{"file_name":"pallets/kitties/src/lib.rs","byte_start":3187,"byte_end":3194,"line_start":108,"line_end":108,"column_start":12,"column_end":19,"is_primary":true,"text":[{"text":"\t#[pallet::storage]","highlight_start":12,"highlight_end":19}],"label":"the trait `EncodeLike` is not implemented for `Kitty<T>`","suggested_replacement":null,"suggestion_applicability":null,"expansion":null}],"children":[{"message":"required because of the requirements on the impl of `FullEncode` for `Kitty<T>`","code":null,"level":"note","spans":[],"children":[],"rendered":null},{"message":"required because of the requirements on the impl of `FullCodec` for `Kitty<T>`","code":null,"level":"note","spans":[],"children":[],"rendered":null},{"message":"required because of the requirements on the impl of `StorageEntryMetadataBuilder` for `frame_support::pallet_prelude::StorageMap<_GeneratedPrefixForStorageKitties<T>, frame_support::Blake2_128Concat, frame_benchmarking::Vec<u8>, Kitty<T>>`","code":null,"level":"note","spans":[],"children":[],"rendered":null}],"rendered":"\u001b[0m\u001b[1m\u001b[38;5;9merror[E0277]\u001b[0m\u001b[0m\u001b[1m: the trait bound `Kitty<T>: EncodeLike` is not satisfied\u001b[0m\n\u001b[0m   \u001b[0m\u001b[0m\u001b[1m\u001b[38;5;12m--> \u001b[0m\u001b[0mpallets/kitties/src/lib.rs:108:12\u001b[0m\n\u001b[0m    \u001b[0m\u001b[0m\u001b[1m\u001b[38;5;12m|\u001b[0m\n\u001b[0m\u001b[1m\u001b[38;5;12m108\u001b[0m\u001b[0m \u001b[0m\u001b[0m\u001b[1m\u001b[38;5;12m| \u001b[0m\u001b[0m    #[pallet::storage]\u001b[0m\n\u001b[0m    \u001b[0m\u001b[0m\u001b[1m\u001b[38;5;12m| \u001b[0m\u001b[0m              \u001b[0m\u001b[0m\u001b[1m\u001b[38;5;9m^^^^^^^\u001b[0m\u001b[0m \u001b[0m\u001b[0m\u001b[1m\u001b[38;5;9mthe trait `EncodeLike` is not implemented for `Kitty<T>`\u001b[0m\n\u001b[0m    \u001b[0m\u001b[0m\u001b[1m\u001b[38;5;12m|\u001b[0m\n\u001b[0m    \u001b[0m\u001b[0m\u001b[1m\u001b[38;5;12m= \u001b[0m\u001b[0m\u001b[1mnote\u001b[0m\u001b[0m: required because of the requirements on the impl of `FullEncode` for `Kitty<T>`\u001b[0m\n\u001b[0m    \u001b[0m\u001b[0m\u001b[1m\u001b[38;5;12m= \u001b[0m\u001b[0m\u001b[1mnote\u001b[0m\u001b[0m: required because of the requirements on the impl of `FullCodec` for `Kitty<T>`\u001b[0m\n\u001b[0m    \u001b[0m\u001b[0m\u001b[1m\u001b[38;5;12m= \u001b[0m\u001b[0m\u001b[1mnote\u001b[0m\u001b[0m: required because of the requirements on the impl of `StorageEntryMetadataBuilder` for `frame_support::pallet_prelude::StorageMap<_GeneratedPrefixForStorageKitties<T>, frame_support::Blake2_128Concat, frame_benchmarking::Vec<u8>, Kitty<T>>`\u001b[0m\n\n"}
{"message":"the trait bound `Kitty<T>: WrapperTypeEncode` is not satisfied","code":{"code":"E0277","explanation":"You tried to use a type which doesn't implement some trait in a place which\nexpected that trait.\n\nErroneous code example:\n\n```compile_fail,E0277\n// here we declare the Foo trait with a bar method\ntrait Foo {\n    fn bar(&self);\n}\n\n// we now declare a function which takes an object implementing the Foo trait\nfn some_func<T: Foo>(foo: T) {\n    foo.bar();\n}\n\nfn main() {\n    // we now call the method with the i32 type, which doesn't implement\n    // the Foo trait\n    some_func(5i32); // error: the trait bound `i32 : Foo` is not satisfied\n}\n```\n\nIn order to fix this error, verify that the type you're using does implement\nthe trait. Example:\n\n```\ntrait Foo {\n    fn bar(&self);\n}\n\n// we implement the trait on the i32 type\nimpl Foo for i32 {\n    fn bar(&self) {}\n}\n\nfn some_func<T: Foo>(foo: T) {\n    foo.bar(); // we can now use this method since i32 implements the\n               // Foo trait\n}\n\nfn main() {\n    some_func(5i32); // ok!\n}\n```\n\nOr in a generic context, an erroneous code example would look like:\n\n```compile_fail,E0277\nfn some_func<T>(foo: T) {\n    println!(\"{:?}\", foo); // error: the trait `core::fmt::Debug` is not\n                           //        implemented for the type `T`\n}\n\nfn main() {\n    // We now call the method with the i32 type,\n    // which *does* implement the Debug trait.\n    some_func(5i32);\n}\n```\n\nNote that the error here is in the definition of the generic function. Although\nwe only call it with a parameter that does implement `Debug`, the compiler\nstill rejects the function. It must work with all possible input types. In\norder to make this example compile, we need to restrict the generic type we're\naccepting:\n\n```\nuse std::fmt;\n\n// Restrict the input type to types that implement Debug.\nfn some_func<T: fmt::Debug>(foo: T) {\n    println!(\"{:?}\", foo);\n}\n\nfn main() {\n    // Calling the method is still fine, as i32 implements Debug.\n    some_func(5i32);\n\n    // This would fail to compile now:\n    // struct WithoutDebug;\n    // some_func(WithoutDebug);\n}\n```\n\nRust only looks at the signature of the called function, as such it must\nalready specify all requirements that will be used for every type parameter.\n"},"level":"error","spans":[{"file_name":"pallets/kitties/src/lib.rs","byte_start":3187,"byte_end":3194,"line_start":108,"line_end":108,"column_start":12,"column_end":19,"is_primary":true,"text":[{"text":"\t#[pallet::storage]","highlight_start":12,"highlight_end":19}],"label":"the trait `WrapperTypeEncode` is not implemented for `Kitty<T>`","suggested_replacement":null,"suggestion_applicability":null,"expansion":null}],"children":[{"message":"required because of the requirements on the impl of `parity_scale_codec::Encode` for `Kitty<T>`","code":null,"level":"note","spans":[],"children":[],"rendered":null},{"message":"required because of the requirements on the impl of `FullEncode` for `Kitty<T>`","code":null,"level":"note","spans":[],"children":[],"rendered":null},{"message":"required because of the requirements on the impl of `FullCodec` for `Kitty<T>`","code":null,"level":"note","spans":[],"children":[],"rendered":null},{"message":"required because of the requirements on the impl of `StorageEntryMetadataBuilder` for `frame_support::pallet_prelude::StorageMap<_GeneratedPrefixForStorageKitties<T>, frame_support::Blake2_128Concat, frame_benchmarking::Vec<u8>, Kitty<T>>`","code":null,"level":"note","spans":[],"children":[],"rendered":null}],"rendered":"\u001b[0m\u001b[1m\u001b[38;5;9merror[E0277]\u001b[0m\u001b[0m\u001b[1m: the trait bound `Kitty<T>: WrapperTypeEncode` is not satisfied\u001b[0m\n\u001b[0m   \u001b[0m\u001b[0m\u001b[1m\u001b[38;5;12m--> \u001b[0m\u001b[0mpallets/kitties/src/lib.rs:108:12\u001b[0m\n\u001b[0m    \u001b[0m\u001b[0m\u001b[1m\u001b[38;5;12m|\u001b[0m\n\u001b[0m\u001b[1m\u001b[38;5;12m108\u001b[0m\u001b[0m \u001b[0m\u001b[0m\u001b[1m\u001b[38;5;12m| \u001b[0m\u001b[0m    #[pallet::storage]\u001b[0m\n\u001b[0m    \u001b[0m\u001b[0m\u001b[1m\u001b[38;5;12m| \u001b[0m\u001b[0m              \u001b[0m\u001b[0m\u001b[1m\u001b[38;5;9m^^^^^^^\u001b[0m\u001b[0m \u001b[0m\u001b[0m\u001b[1m\u001b[38;5;9mthe trait `WrapperTypeEncode` is not implemented for `Kitty<T>`\u001b[0m\n\u001b[0m    \u001b[0m\u001b[0m\u001b[1m\u001b[38;5;12m|\u001b[0m\n\u001b[0m    \u001b[0m\u001b[0m\u001b[1m\u001b[38;5;12m= \u001b[0m\u001b[0m\u001b[1mnote\u001b[0m\u001b[0m: required because of the requirements on the impl of `parity_scale_codec::Encode` for `Kitty<T>`\u001b[0m\n\u001b[0m    \u001b[0m\u001b[0m\u001b[1m\u001b[38;5;12m= \u001b[0m\u001b[0m\u001b[1mnote\u001b[0m\u001b[0m: required because of the requirements on the impl of `FullEncode` for `Kitty<T>`\u001b[0m\n\u001b[0m    \u001b[0m\u001b[0m\u001b[1m\u001b[38;5;12m= \u001b[0m\u001b[0m\u001b[1mnote\u001b[0m\u001b[0m: required because of the requirements on the impl of `FullCodec` for `Kitty<T>`\u001b[0m\n\u001b[0m    \u001b[0m\u001b[0m\u001b[1m\u001b[38;5;12m= \u001b[0m\u001b[0m\u001b[1mnote\u001b[0m\u001b[0m: required because of the requirements on the impl of `StorageEntryMetadataBuilder` for `frame_support::pallet_prelude::StorageMap<_GeneratedPrefixForStorageKitties<T>, frame_support::Blake2_128Concat, frame_benchmarking::Vec<u8>, Kitty<T>>`\u001b[0m\n\n"}
{"message":"aborting due to 19 previous errors; 1 warning emitted","code":null,"level":"error","spans":[],"children":[],"rendered":"\u001b[0m\u001b[1m\u001b[38;5;9merror\u001b[0m\u001b[0m\u001b[1m: aborting due to 19 previous errors; 1 warning emitted\u001b[0m\n\n"}
{"message":"Some errors have detailed explanations: E0277, E0308, E0425, E0599, E0774.","code":null,"level":"failure-note","spans":[],"children":[],"rendered":"\u001b[0m\u001b[1mSome errors have detailed explanations: E0277, E0308, E0425, E0599, E0774.\u001b[0m\n"}
{"message":"For more information about an error, try `rustc --explain E0277`.","code":null,"level":"failure-note","spans":[],"children":[],"rendered":"\u001b[0m\u001b[1mFor more information about an error, try `rustc --explain E0277`.\u001b[0m\n"}
